<?xml version="1.0" encoding="UTF-8"?>
<testsuites name="jest tests" tests="65" failures="0" errors="0" time="0.641">
  <testsuite name="paramSanitizer middleware" errors="0" failures="0" skipped="0" timestamp="2026-04-18T16:11:15" time="0.289" tests="3">
    <testcase classname="paramSanitizer middleware rejects invalid known object id params" name="paramSanitizer middleware rejects invalid known object id params" time="0.003">
    </testcase>
    <testcase classname="paramSanitizer middleware passes through unrelated params" name="paramSanitizer middleware passes through unrelated params" time="0">
    </testcase>
    <testcase classname="paramSanitizer middleware validateParams factory checks only selected params" name="paramSanitizer middleware validateParams factory checks only selected params" time="0.001">
    </testcase>
  </testsuite>
  <testsuite name="teacherController" errors="0" failures="0" skipped="0" timestamp="2026-04-18T16:11:15" time="0.087" tests="12">
    <testcase classname="teacherController getTeachers returns id and name for all teachers" name="teacherController getTeachers returns id and name for all teachers" time="0.001">
    </testcase>
    <testcase classname="teacherController updateCourse returns 404 when course does not exist" name="teacherController updateCourse returns 404 when course does not exist" time="0.001">
    </testcase>
    <testcase classname="teacherController updateCourse returns 403 when teacher tries to edit another teacher&apos;s course" name="teacherController updateCourse returns 403 when teacher tries to edit another teacher&apos;s course" time="0.001">
    </testcase>
    <testcase classname="teacherController updateCourse updates scalar fields and chapter topic videos" name="teacherController updateCourse updates scalar fields and chapter topic videos" time="0.001">
    </testcase>
    <testcase classname="teacherController updateCourse returns 500 when update throws" name="teacherController updateCourse returns 500 when update throws" time="0.019">
    </testcase>
    <testcase classname="teacherController uploadQualification rejects when file is missing" name="teacherController uploadQualification rejects when file is missing" time="0">
    </testcase>
    <testcase classname="teacherController uploadQualification rejects non-teacher role" name="teacherController uploadQualification rejects non-teacher role" time="0">
    </testcase>
    <testcase classname="teacherController uploadQualification returns not found when teacher record is absent" name="teacherController uploadQualification returns not found when teacher record is absent" time="0">
    </testcase>
    <testcase classname="teacherController uploadQualification uploads qualification and stores parsed metadata" name="teacherController uploadQualification uploads qualification and stores parsed metadata" time="0">
    </testcase>
    <testcase classname="teacherController getQualificationStatus rejects non-teacher users" name="teacherController getQualificationStatus rejects non-teacher users" time="0">
    </testcase>
    <testcase classname="teacherController getQualificationStatus returns not found when teacher does not exist" name="teacherController getQualificationStatus returns not found when teacher does not exist" time="0">
    </testcase>
    <testcase classname="teacherController getQualificationStatus returns qualification status payload" name="teacherController getQualificationStatus returns qualification status payload" time="0.001">
    </testcase>
  </testsuite>
  <testsuite name="studentController" errors="0" failures="0" skipped="0" timestamp="2026-04-18T16:11:15" time="0.043" tests="12">
    <testcase classname="studentController enrollInCourse returns 409 when enrollment lock is not acquired" name="studentController enrollInCourse returns 409 when enrollment lock is not acquired" time="0.001">
    </testcase>
    <testcase classname="studentController enrollInCourse returns 404 when course does not exist" name="studentController enrollInCourse returns 404 when course does not exist" time="0">
    </testcase>
    <testcase classname="studentController enrollInCourse returns already enrolled response without saving" name="studentController enrollInCourse returns already enrolled response without saving" time="0">
    </testcase>
    <testcase classname="studentController enrollInCourse enrolls student successfully" name="studentController enrollInCourse enrolls student successfully" time="0">
    </testcase>
    <testcase classname="studentController getCourseById returns 404 when requested course is missing" name="studentController getCourseById returns 404 when requested course is missing" time="0">
    </testcase>
    <testcase classname="studentController getCourseById returns course with rating summary" name="studentController getCourseById returns course with rating summary" time="0">
    </testcase>
    <testcase classname="studentController getStreakStats calculates quiz days and active days from multiple sources" name="studentController getStreakStats calculates quiz days and active days from multiple sources" time="0.001">
    </testcase>
    <testcase classname="studentController getStreakStats returns 500 when streak query fails" name="studentController getStreakStats returns 500 when streak query fails" time="0.02">
    </testcase>
    <testcase classname="studentController studentProgress rejects invalid minute payload" name="studentController studentProgress rejects invalid minute payload" time="0.001">
    </testcase>
    <testcase classname="studentController studentProgress requires authenticated user" name="studentController studentProgress requires authenticated user" time="0">
    </testcase>
    <testcase classname="studentController studentProgress returns 404 when student does not exist" name="studentController studentProgress returns 404 when student does not exist" time="0">
    </testcase>
    <testcase classname="studentController studentProgress increments existing progress entry for today" name="studentController studentProgress increments existing progress entry for today" time="0.001">
    </testcase>
  </testsuite>
  <testsuite name="inputValidator middleware" errors="0" failures="0" skipped="0" timestamp="2026-04-18T16:11:15" time="0.029" tests="4">
    <testcase classname="inputValidator middleware rejects missing required field" name="inputValidator middleware rejects missing required field" time="0.001">
    </testcase>
    <testcase classname="inputValidator middleware rejects unknown fields when allowUnknown is false" name="inputValidator middleware rejects unknown fields when allowUnknown is false" time="0">
    </testcase>
    <testcase classname="inputValidator middleware validates source=query when configured" name="inputValidator middleware validates source=query when configured" time="0.001">
    </testcase>
    <testcase classname="inputValidator middleware rejects invalid json string" name="inputValidator middleware rejects invalid json string" time="0">
    </testcase>
  </testsuite>
  <testsuite name="fileUploadValidator middleware" errors="0" failures="0" skipped="0" timestamp="2026-04-18T16:11:15" time="0.018" tests="6">
    <testcase classname="fileUploadValidator middleware multerFileFilter accepts allowed mime types" name="fileUploadValidator middleware multerFileFilter accepts allowed mime types" time="0">
    </testcase>
    <testcase classname="fileUploadValidator middleware multerFileFilter rejects unsupported mime types" name="fileUploadValidator middleware multerFileFilter rejects unsupported mime types" time="0.001">
    </testcase>
    <testcase classname="fileUploadValidator middleware fails when required fields are missing" name="fileUploadValidator middleware fails when required fields are missing" time="0.001">
    </testcase>
    <testcase classname="fileUploadValidator middleware fails when field-specific mime type does not match" name="fileUploadValidator middleware fails when field-specific mime type does not match" time="0">
    </testcase>
    <testcase classname="fileUploadValidator middleware fails when file exceeds per-type size limit" name="fileUploadValidator middleware fails when file exceeds per-type size limit" time="0">
    </testcase>
    <testcase classname="fileUploadValidator middleware calls next for valid files" name="fileUploadValidator middleware calls next for valid files" time="0">
    </testcase>
  </testsuite>
  <testsuite name="adminController" errors="0" failures="0" skipped="0" timestamp="2026-04-18T16:11:15" time="0.027" tests="12">
    <testcase classname="adminController getDashboardData returns dashboard counts" name="adminController getDashboardData returns dashboard counts" time="0.001">
    </testcase>
    <testcase classname="adminController getDashboardData handles dashboard query failure" name="adminController getDashboardData handles dashboard query failure" time="0.006">
    </testcase>
    <testcase classname="adminController deleteCourse returns 404 when course does not exist" name="adminController deleteCourse returns 404 when course does not exist" time="0">
    </testcase>
    <testcase classname="adminController deleteCourse soft deletes an existing course" name="adminController deleteCourse soft deletes an existing course" time="0">
    </testcase>
    <testcase classname="adminController deleteCourse returns 500 on delete errors" name="adminController deleteCourse returns 500 on delete errors" time="0">
    </testcase>
    <testcase classname="adminController deleteTeacher returns 404 when teacher is not found" name="adminController deleteTeacher returns 404 when teacher is not found" time="0">
    </testcase>
    <testcase classname="adminController deleteTeacher deletes teacher and marks their courses as deleted" name="adminController deleteTeacher deletes teacher and marks their courses as deleted" time="0">
    </testcase>
    <testcase classname="adminController deleteTeacher deletes teacher even when they have no courses" name="adminController deleteTeacher deletes teacher even when they have no courses" time="0">
    </testcase>
    <testcase classname="adminController approveTeacher returns 404 for unknown teacher" name="adminController approveTeacher returns 404 for unknown teacher" time="0.001">
    </testcase>
    <testcase classname="adminController approveTeacher approves teacher with explicit notes" name="adminController approveTeacher approves teacher with explicit notes" time="0">
    </testcase>
    <testcase classname="adminController rejectTeacher uses default rejection note when notes are omitted" name="adminController rejectTeacher uses default rejection note when notes are omitted" time="0">
    </testcase>
    <testcase classname="adminController rejectTeacher handles reject errors" name="adminController rejectTeacher handles reject errors" time="0">
    </testcase>
  </testsuite>
  <testsuite name="errorHandler middleware" errors="0" failures="0" skipped="0" timestamp="2026-04-18T16:11:15" time="0.018" tests="5">
    <testcase classname="errorHandler middleware handles mongoose validation errors" name="errorHandler middleware handles mongoose validation errors" time="0.002">
    </testcase>
    <testcase classname="errorHandler middleware handles duplicate key errors" name="errorHandler middleware handles duplicate key errors" time="0">
    </testcase>
    <testcase classname="errorHandler middleware handles file type errors" name="errorHandler middleware handles file type errors" time="0.001">
    </testcase>
    <testcase classname="errorHandler middleware handles default errors" name="errorHandler middleware handles default errors" time="0">
    </testcase>
    <testcase classname="notFound middleware creates 404 error and forwards to next" name="notFound middleware creates 404 error and forwards to next" time="0.001">
    </testcase>
  </testsuite>
  <testsuite name="superadminController" errors="0" failures="0" skipped="0" timestamp="2026-04-18T16:11:15" time="0.021" tests="8">
    <testcase classname="superadminController restoreCourse returns 404 if course is missing" name="superadminController restoreCourse returns 404 if course is missing" time="0.001">
    </testcase>
    <testcase classname="superadminController restoreCourse restores deleted course" name="superadminController restoreCourse restores deleted course" time="0">
    </testcase>
    <testcase classname="superadminController getAllUsers returns user lists with aggregate stats" name="superadminController getAllUsers returns user lists with aggregate stats" time="0.001">
    </testcase>
    <testcase classname="superadminController getAllUsers uses includeDeleted=true to remove active-only filter" name="superadminController getAllUsers uses includeDeleted=true to remove active-only filter" time="0">
    </testcase>
    <testcase classname="superadminController getDeletedUsers returns deleted students, teachers and admins" name="superadminController getDeletedUsers returns deleted students, teachers and admins" time="0.001">
    </testcase>
    <testcase classname="superadminController restoreUser validates user type" name="superadminController restoreUser validates user type" time="0">
    </testcase>
    <testcase classname="superadminController restoreUser returns 404 if user is not found" name="superadminController restoreUser returns 404 if user is not found" time="0">
    </testcase>
    <testcase classname="superadminController restoreUser restores student and strips password from response" name="superadminController restoreUser restores student and strips password from response" time="0.001">
    </testcase>
  </testsuite>
  <testsuite name="respond utility" errors="0" failures="0" skipped="0" timestamp="2026-04-18T16:11:15" time="0.017" tests="3">
    <testcase classname="respond utility builds success payload with data and meta" name="respond utility builds success payload with data and meta" time="0">
    </testcase>
    <testcase classname="respond utility omits optional keys when not provided" name="respond utility omits optional keys when not provided" time="0">
    </testcase>
    <testcase classname="respond utility returns standard not-found response" name="respond utility returns standard not-found response" time="0">
    </testcase>
  </testsuite>
</testsuites>