<?xml version="1.0" ?>
<!DOCTYPE coverage SYSTEM "http://cobertura.sourceforge.net/xml/coverage-04.dtd">
<coverage lines-valid="150" lines-covered="110" line-rate="0.7333" branches-valid="168" branches-covered="96" branch-rate="0.5714" timestamp="1776396087765" complexity="0" version="0.1">
  <sources>
    <source>C:\Users\Aryan Choudhary\Desktop\LMS\BACKEND</source>
  </sources>
  <packages>
    <package name="middleware" line-rate="0.7121999999999999" branch-rate="0.5696">
      <classes>
        <class name="errorHandler.js" filename="middleware\errorHandler.js" line-rate="0.826" branch-rate="0.7">
          <methods>
            <method name="(anonymous_0)" hits="4" signature="()V">
              <lines>
                <line number="2" hits="4"/>
              </lines>
            </method>
            <method name="(anonymous_1)" hits="1" signature="()V">
              <lines>
                <line number="10" hits="1"/>
              </lines>
            </method>
            <method name="(anonymous_2)" hits="1" signature="()V">
              <lines>
                <line number="66" hits="1"/>
              </lines>
            </method>
          </methods>
          <lines>
            <line number="2" hits="1" branch="false"/>
            <line number="3" hits="4" branch="false"/>
            <line number="6" hits="4" branch="true" condition-coverage="100% (2/2)"/>
            <line number="7" hits="1" branch="false"/>
            <line number="10" hits="1" branch="false"/>
            <line number="14" hits="3" branch="true" condition-coverage="50% (1/2)"/>
            <line number="15" hits="0" branch="false"/>
            <line number="21" hits="3" branch="true" condition-coverage="100% (2/2)"/>
            <line number="22" hits="1" branch="false"/>
            <line number="28" hits="2" branch="true" condition-coverage="50% (1/2)"/>
            <line number="29" hits="0" branch="false"/>
            <line number="35" hits="2" branch="true" condition-coverage="50% (1/2)"/>
            <line number="36" hits="0" branch="false"/>
            <line number="43" hits="2" branch="true" condition-coverage="50% (1/2)"/>
            <line number="44" hits="0" branch="false"/>
            <line number="51" hits="2" branch="true" condition-coverage="100% (4/4)"/>
            <line number="52" hits="1" branch="false"/>
            <line number="59" hits="1" branch="true" condition-coverage="50% (1/2)"/>
            <line number="66" hits="1" branch="false"/>
            <line number="67" hits="1" branch="false"/>
            <line number="68" hits="1" branch="false"/>
            <line number="69" hits="1" branch="false"/>
            <line number="72" hits="1" branch="false"/>
          </lines>
        </class>
        <class name="fileUploadValidator.js" filename="middleware\fileUploadValidator.js" line-rate="0.8571" branch-rate="0.7179000000000001">
          <methods>
            <method name="(anonymous_0)" hits="6" signature="()V">
              <lines>
                <line number="51" hits="6"/>
              </lines>
            </method>
            <method name="sizeForMime" hits="2" signature="()V">
              <lines>
                <line number="69" hits="2"/>
              </lines>
            </method>
            <method name="multerFileFilter" hits="2" signature="()V">
              <lines>
                <line number="84" hits="2"/>
              </lines>
            </method>
            <method name="validateFiles" hits="4" signature="()V">
              <lines>
                <line number="121" hits="4"/>
              </lines>
            </method>
            <method name="(anonymous_4)" hits="4" signature="()V">
              <lines>
                <line number="130" hits="4"/>
              </lines>
            </method>
            <method name="(anonymous_5)" hits="1" signature="()V">
              <lines>
                <line number="142" hits="1"/>
              </lines>
            </method>
            <method name="(anonymous_6)" hits="2" signature="()V">
              <lines>
                <line number="143" hits="2"/>
              </lines>
            </method>
          </methods>
          <lines>
            <line number="23" hits="1" branch="false"/>
            <line number="52" hits="6" branch="false"/>
            <line number="60" hits="1" branch="false"/>
            <line number="70" hits="2" branch="true" condition-coverage="50% (1/2)"/>
            <line number="71" hits="0" branch="true" condition-coverage="0% (0/2)"/>
            <line number="72" hits="0" branch="true" condition-coverage="0% (0/2)"/>
            <line number="73" hits="0" branch="false"/>
            <line number="85" hits="2" branch="true" condition-coverage="100% (2/2)"/>
            <line number="86" hits="1" branch="false"/>
            <line number="88" hits="1" branch="false"/>
            <line number="100" hits="1" branch="false"/>
            <line number="128" hits="4" branch="false"/>
            <line number="130" hits="4" branch="false"/>
            <line number="132" hits="4" branch="true" condition-coverage="50% (1/2)"/>
            <line number="141" hits="4" branch="true" condition-coverage="100% (2/2)"/>
            <line number="142" hits="2" branch="false"/>
            <line number="143" hits="2" branch="false"/>
            <line number="144" hits="2" branch="true" condition-coverage="100% (2/2)"/>
            <line number="145" hits="1" branch="false"/>
            <line number="153" hits="3" branch="true" condition-coverage="50% (1/2)"/>
            <line number="154" hits="0" branch="false"/>
            <line number="161" hits="3" branch="false"/>
            <line number="163" hits="3" branch="false"/>
            <line number="164" hits="3" branch="true" condition-coverage="100% (4/4)"/>
            <line number="165" hits="2" branch="true" condition-coverage="100% (2/2)"/>
            <line number="166" hits="1" branch="false"/>
            <line number="173" hits="1" branch="true" condition-coverage="50% (1/2)"/>
            <line number="174" hits="0" branch="false"/>
            <line number="182" hits="2" branch="true" condition-coverage="100% (2/2)"/>
            <line number="183" hits="2" branch="true" condition-coverage="100% (4/4)"/>
            <line number="184" hits="1" branch="false"/>
            <line number="185" hits="1" branch="false"/>
            <line number="192" hits="1" branch="false"/>
            <line number="200" hits="1" branch="false"/>
            <line number="245" hits="1" branch="false"/>
          </lines>
        </class>
        <class name="inputValidator.js" filename="middleware\inputValidator.js" line-rate="0.5522" branch-rate="0.46149999999999997">
          <methods>
            <method name="validateField" hits="4" signature="()V">
              <lines>
                <line number="21" hits="4"/>
              </lines>
            </method>
            <method name="validate" hits="4" signature="()V">
              <lines>
                <line number="125" hits="4"/>
              </lines>
            </method>
            <method name="(anonymous_2)" hits="4" signature="()V">
              <lines>
                <line number="128" hits="4"/>
              </lines>
            </method>
          </methods>
          <lines>
            <line number="23" hits="4" branch="true" condition-coverage="100% (2/2)"/>
            <line number="27" hits="1" branch="false"/>
            <line number="31" hits="3" branch="true" condition-coverage="80% (4/5)"/>
            <line number="33" hits="3" branch="true" condition-coverage="37.5% (3/8)"/>
            <line number="35" hits="1" branch="true" condition-coverage="50% (1/2)"/>
            <line number="36" hits="1" branch="true" condition-coverage="50% (2/4)"/>
            <line number="37" hits="0" branch="false"/>
            <line number="38" hits="1" branch="true" condition-coverage="50% (2/4)"/>
            <line number="39" hits="0" branch="false"/>
            <line number="40" hits="1" branch="true" condition-coverage="50% (2/4)"/>
            <line number="41" hits="0" branch="true" condition-coverage="0% (0/2)"/>
            <line number="42" hits="1" branch="false"/>
            <line number="46" hits="1" branch="false"/>
            <line number="47" hits="1" branch="true" condition-coverage="50% (1/2)"/>
            <line number="48" hits="1" branch="true" condition-coverage="75% (3/4)"/>
            <line number="49" hits="0" branch="false"/>
            <line number="50" hits="1" branch="true" condition-coverage="50% (2/4)"/>
            <line number="51" hits="0" branch="false"/>
            <line number="52" hits="1" branch="true" condition-coverage="75% (3/4)"/>
            <line number="53" hits="0" branch="false"/>
            <line number="54" hits="1" branch="false"/>
            <line number="58" hits="0" branch="true" condition-coverage="0% (0/2)"/>
            <line number="62" hits="0" branch="false"/>
            <line number="63" hits="0" branch="false"/>
            <line number="68" hits="0" branch="false"/>
            <line number="69" hits="0" branch="true" condition-coverage="0% (0/2)"/>
            <line number="70" hits="0" branch="false"/>
            <line number="71" hits="0" branch="false"/>
            <line number="73" hits="0" branch="false"/>
            <line number="76" hits="0" branch="true" condition-coverage="0% (0/2)"/>
            <line number="77" hits="0" branch="true" condition-coverage="0% (0/4)"/>
            <line number="78" hits="0" branch="false"/>
            <line number="79" hits="0" branch="true" condition-coverage="0% (0/4)"/>
            <line number="80" hits="0" branch="false"/>
            <line number="81" hits="0" branch="false"/>
            <line number="85" hits="0" branch="true" condition-coverage="0% (0/2)"/>
            <line number="86" hits="0" branch="false"/>
            <line number="87" hits="0" branch="false"/>
            <line number="91" hits="0" branch="true" condition-coverage="0% (0/4)"/>
            <line number="92" hits="0" branch="false"/>
            <line number="93" hits="0" branch="false"/>
            <line number="97" hits="1" branch="true" condition-coverage="50% (1/2)"/>
            <line number="98" hits="1" branch="false"/>
            <line number="99" hits="1" branch="false"/>
            <line number="101" hits="1" branch="false"/>
            <line number="103" hits="0" branch="false"/>
            <line number="107" hits="0" branch="true" condition-coverage="0% (0/5)"/>
            <line number="108" hits="0" branch="false"/>
            <line number="109" hits="0" branch="false"/>
            <line number="113" hits="2" branch="false"/>
            <line number="126" hits="4" branch="true" condition-coverage="100% (2/2)"/>
            <line number="128" hits="4" branch="false"/>
            <line number="129" hits="4" branch="true" condition-coverage="50% (1/2)"/>
            <line number="130" hits="4" branch="false"/>
            <line number="133" hits="4" branch="false"/>
            <line number="134" hits="4" branch="false"/>
            <line number="135" hits="4" branch="true" condition-coverage="100% (2/2)"/>
            <line number="139" hits="4" branch="true" condition-coverage="100% (2/2)"/>
            <line number="140" hits="1" branch="false"/>
            <line number="141" hits="1" branch="false"/>
            <line number="142" hits="2" branch="true" condition-coverage="100% (2/2)"/>
            <line number="143" hits="1" branch="false"/>
            <line number="148" hits="4" branch="true" condition-coverage="100% (2/2)"/>
            <line number="149" hits="3" branch="false"/>
            <line number="156" hits="1" branch="false"/>
            <line number="164" hits="1" branch="false"/>
            <line number="251" hits="1" branch="false"/>
          </lines>
        </class>
        <class name="paramSanitizer.js" filename="middleware\paramSanitizer.js" line-rate="0.9285" branch-rate="0.75">
          <methods>
            <method name="paramSanitizer" hits="2" signature="()V">
              <lines>
                <line number="26" hits="2"/>
              </lines>
            </method>
            <method name="validateParams" hits="1" signature="()V">
              <lines>
                <line number="47" hits="1"/>
              </lines>
            </method>
            <method name="(anonymous_2)" hits="1" signature="()V">
              <lines>
                <line number="48" hits="1"/>
              </lines>
            </method>
          </methods>
          <lines>
            <line number="1" hits="1" branch="false"/>
            <line number="12" hits="1" branch="false"/>
            <line number="27" hits="2" branch="false"/>
            <line number="28" hits="2" branch="true" condition-coverage="100% (2/2)"/>
            <line number="29" hits="1" branch="true" condition-coverage="50% (1/2)"/>
            <line number="30" hits="1" branch="false"/>
            <line number="37" hits="1" branch="false"/>
            <line number="48" hits="1" branch="false"/>
            <line number="49" hits="1" branch="false"/>
            <line number="50" hits="1" branch="false"/>
            <line number="51" hits="1" branch="true" condition-coverage="75% (3/4)"/>
            <line number="52" hits="0" branch="false"/>
            <line number="58" hits="1" branch="false"/>
            <line number="62" hits="1" branch="false"/>
          </lines>
        </class>
      </classes>
    </package>
    <package name="utils" line-rate="1" branch-rate="0.6">
      <classes>
        <class name="respond.js" filename="utils\respond.js" line-rate="1" branch-rate="0.6">
          <methods>
            <method name="respond" hits="3" signature="()V">
              <lines>
                <line number="1" hits="3"/>
              </lines>
            </method>
            <method name="notFound" hits="1" signature="()V">
              <lines>
                <line number="19" hits="1"/>
              </lines>
            </method>
          </methods>
          <lines>
            <line number="2" hits="3" branch="false"/>
            <line number="8" hits="3" branch="true" condition-coverage="100% (2/2)"/>
            <line number="9" hits="1" branch="false"/>
            <line number="12" hits="3" branch="true" condition-coverage="100% (2/2)"/>
            <line number="13" hits="1" branch="false"/>
            <line number="16" hits="3" branch="false"/>
            <line number="20" hits="1" branch="true" condition-coverage="100% (2/2)"/>
            <line number="23" hits="1" branch="false"/>
            <line number="24" hits="1" branch="false"/>
            <line number="25" hits="1" branch="false"/>
            <line number="26" hits="1" branch="false"/>
          </lines>
        </class>
      </classes>
    </package>
  </packages>
</coverage>
