<?xml version="1.0" ?>
<!DOCTYPE coverage SYSTEM "http://cobertura.sourceforge.net/xml/coverage-04.dtd">
<coverage lines-valid="966" lines-covered="373" line-rate="0.3861" branches-valid="545" branches-covered="200" branch-rate="0.3669" timestamp="1776439847723" complexity="0" version="0.1">
  <sources>
    <source>D:\web_dev\college\wbd\project\BACKEND</source>
  </sources>
  <packages>
    <package name="controller" line-rate="0.3223" branch-rate="0.2758">
      <classes>
        <class name="adminController.js" filename="controller\adminController.js" line-rate="0.5423" branch-rate="0.5384">
          <methods>
            <method name="(anonymous_0)" hits="2" signature="()V">
              <lines>
                <line number="6" hits="2"/>
              </lines>
            </method>
            <method name="(anonymous_1)" hits="0" signature="()V">
              <lines>
                <line number="27" hits="0"/>
              </lines>
            </method>
            <method name="(anonymous_2)" hits="0" signature="()V">
              <lines>
                <line number="51" hits="0"/>
              </lines>
            </method>
            <method name="(anonymous_3)" hits="3" signature="()V">
              <lines>
                <line number="72" hits="3"/>
              </lines>
            </method>
            <method name="(anonymous_4)" hits="0" signature="()V">
              <lines>
                <line number="101" hits="0"/>
              </lines>
            </method>
            <method name="(anonymous_5)" hits="0" signature="()V">
              <lines>
                <line number="124" hits="0"/>
              </lines>
            </method>
            <method name="(anonymous_6)" hits="0" signature="()V">
              <lines>
                <line number="126" hits="0"/>
              </lines>
            </method>
            <method name="(anonymous_7)" hits="0" signature="()V">
              <lines>
                <line number="158" hits="0"/>
              </lines>
            </method>
            <method name="(anonymous_8)" hits="3" signature="()V">
              <lines>
                <line number="188" hits="3"/>
              </lines>
            </method>
            <method name="(anonymous_9)" hits="0" signature="()V">
              <lines>
                <line number="232" hits="0"/>
              </lines>
            </method>
            <method name="(anonymous_10)" hits="2" signature="()V">
              <lines>
                <line number="264" hits="2"/>
              </lines>
            </method>
            <method name="(anonymous_11)" hits="2" signature="()V">
              <lines>
                <line number="298" hits="2"/>
              </lines>
            </method>
            <method name="(anonymous_12)" hits="0" signature="()V">
              <lines>
                <line number="333" hits="0"/>
              </lines>
            </method>
          </methods>
          <lines>
            <line number="1" hits="1" branch="false"/>
            <line number="2" hits="1" branch="false"/>
            <line number="3" hits="1" branch="false"/>
            <line number="6" hits="1" branch="false"/>
            <line number="7" hits="2" branch="false"/>
            <line number="8" hits="2" branch="false"/>
            <line number="9" hits="1" branch="false"/>
            <line number="10" hits="1" branch="false"/>
            <line number="12" hits="1" branch="false"/>
            <line number="18" hits="1" branch="false"/>
            <line number="19" hits="1" branch="false"/>
            <line number="27" hits="1" branch="false"/>
            <line number="28" hits="0" branch="false"/>
            <line number="29" hits="0" branch="false"/>
            <line number="32" hits="0" branch="false"/>
            <line number="36" hits="0" branch="false"/>
            <line number="42" hits="0" branch="false"/>
            <line number="43" hits="0" branch="false"/>
            <line number="51" hits="1" branch="false"/>
            <line number="52" hits="0" branch="false"/>
            <line number="53" hits="0" branch="false"/>
            <line number="57" hits="0" branch="false"/>
            <line number="63" hits="0" branch="false"/>
            <line number="64" hits="0" branch="false"/>
            <line number="72" hits="1" branch="false"/>
            <line number="73" hits="3" branch="false"/>
            <line number="74" hits="3" branch="false"/>
            <line number="75" hits="2" branch="true" condition-coverage="100% (2/2)"/>
            <line number="76" hits="1" branch="false"/>
            <line number="83" hits="1" branch="false"/>
            <line number="84" hits="1" branch="false"/>
            <line number="85" hits="1" branch="false"/>
            <line number="87" hits="1" branch="false"/>
            <line number="92" hits="1" branch="false"/>
            <line number="93" hits="1" branch="false"/>
            <line number="101" hits="1" branch="false"/>
            <line number="102" hits="0" branch="false"/>
            <line number="103" hits="0" branch="false"/>
            <line number="105" hits="0" branch="false"/>
            <line number="108" hits="0" branch="true" condition-coverage="0% (0/2)"/>
            <line number="109" hits="0" branch="false"/>
            <line number="116" hits="0" branch="false"/>
            <line number="124" hits="0" branch="false"/>
            <line number="125" hits="0" branch="false"/>
            <line number="126" hits="0" branch="false"/>
            <line number="129" hits="0" branch="false"/>
            <line number="139" hits="0" branch="false"/>
            <line number="149" hits="0" branch="false"/>
            <line number="150" hits="0" branch="false"/>
            <line number="158" hits="1" branch="false"/>
            <line number="159" hits="0" branch="false"/>
            <line number="160" hits="0" branch="false"/>
            <line number="162" hits="0" branch="false"/>
            <line number="166" hits="0" branch="true" condition-coverage="0% (0/2)"/>
            <line number="167" hits="0" branch="false"/>
            <line number="173" hits="0" branch="false"/>
            <line number="179" hits="0" branch="false"/>
            <line number="180" hits="0" branch="false"/>
            <line number="188" hits="1" branch="false"/>
            <line number="189" hits="3" branch="false"/>
            <line number="190" hits="3" branch="false"/>
            <line number="193" hits="3" branch="false"/>
            <line number="195" hits="3" branch="true" condition-coverage="100% (2/2)"/>
            <line number="196" hits="1" branch="false"/>
            <line number="203" hits="2" branch="true" condition-coverage="100% (4/4)"/>
            <line number="204" hits="1" branch="false"/>
            <line number="211" hits="2" branch="false"/>
            <line number="212" hits="2" branch="false"/>
            <line number="213" hits="2" branch="false"/>
            <line number="215" hits="2" branch="false"/>
            <line number="223" hits="0" branch="false"/>
            <line number="224" hits="0" branch="false"/>
            <line number="232" hits="1" branch="false"/>
            <line number="233" hits="0" branch="false"/>
            <line number="234" hits="0" branch="false"/>
            <line number="236" hits="0" branch="false"/>
            <line number="238" hits="0" branch="true" condition-coverage="0% (0/2)"/>
            <line number="239" hits="0" branch="false"/>
            <line number="246" hits="0" branch="false"/>
            <line number="247" hits="0" branch="false"/>
            <line number="248" hits="0" branch="false"/>
            <line number="250" hits="0" branch="false"/>
            <line number="255" hits="0" branch="false"/>
            <line number="256" hits="0" branch="false"/>
            <line number="264" hits="1" branch="false"/>
            <line number="265" hits="2" branch="false"/>
            <line number="266" hits="2" branch="false"/>
            <line number="267" hits="2" branch="false"/>
            <line number="269" hits="2" branch="false"/>
            <line number="271" hits="2" branch="true" condition-coverage="100% (2/2)"/>
            <line number="272" hits="1" branch="false"/>
            <line number="278" hits="1" branch="false"/>
            <line number="279" hits="1" branch="false"/>
            <line number="281" hits="1" branch="false"/>
            <line number="283" hits="1" branch="false"/>
            <line number="289" hits="0" branch="false"/>
            <line number="290" hits="0" branch="false"/>
            <line number="298" hits="1" branch="false"/>
            <line number="299" hits="2" branch="false"/>
            <line number="300" hits="2" branch="false"/>
            <line number="301" hits="2" branch="false"/>
            <line number="303" hits="2" branch="false"/>
            <line number="305" hits="1" branch="true" condition-coverage="50% (1/2)"/>
            <line number="306" hits="0" branch="false"/>
            <line number="312" hits="1" branch="false"/>
            <line number="313" hits="1" branch="false"/>
            <line number="316" hits="1" branch="false"/>
            <line number="318" hits="1" branch="false"/>
            <line number="324" hits="1" branch="false"/>
            <line number="325" hits="1" branch="false"/>
            <line number="333" hits="1" branch="false"/>
            <line number="334" hits="0" branch="false"/>
            <line number="335" hits="0" branch="false"/>
            <line number="339" hits="0" branch="false"/>
            <line number="343" hits="0" branch="false"/>
            <line number="352" hits="0" branch="false"/>
            <line number="353" hits="0" branch="false"/>
            <line number="360" hits="1" branch="false"/>
          </lines>
        </class>
        <class name="studentController.js" filename="controller\studentController.js" line-rate="0.2238" branch-rate="0.1804">
          <methods>
            <method name="getStudents" hits="0" signature="()V">
              <lines>
                <line number="6" hits="0"/>
              </lines>
            </method>
            <method name="studentProfile" hits="0" signature="()V">
              <lines>
                <line number="25" hits="0"/>
              </lines>
            </method>
            <method name="(anonymous_2)" hits="0" signature="()V">
              <lines>
                <line number="35" hits="0"/>
              </lines>
            </method>
            <method name="(anonymous_3)" hits="0" signature="()V">
              <lines>
                <line number="40" hits="0"/>
              </lines>
            </method>
            <method name="(anonymous_4)" hits="0" signature="()V">
              <lines>
                <line number="52" hits="0"/>
              </lines>
            </method>
            <method name="(anonymous_5)" hits="0" signature="()V">
              <lines>
                <line number="63" hits="0"/>
              </lines>
            </method>
            <method name="(anonymous_6)" hits="0" signature="()V">
              <lines>
                <line number="64" hits="0"/>
              </lines>
            </method>
            <method name="(anonymous_7)" hits="0" signature="()V">
              <lines>
                <line number="67" hits="0"/>
              </lines>
            </method>
            <method name="(anonymous_8)" hits="0" signature="()V">
              <lines>
                <line number="80" hits="0"/>
              </lines>
            </method>
            <method name="(anonymous_9)" hits="0" signature="()V">
              <lines>
                <line number="87" hits="0"/>
              </lines>
            </method>
            <method name="(anonymous_10)" hits="0" signature="()V">
              <lines>
                <line number="93" hits="0"/>
              </lines>
            </method>
            <method name="updateEnrollCourses" hits="0" signature="()V">
              <lines>
                <line number="115" hits="0"/>
              </lines>
            </method>
            <method name="(anonymous_12)" hits="0" signature="()V">
              <lines>
                <line number="122" hits="0"/>
              </lines>
            </method>
            <method name="(anonymous_13)" hits="0" signature="()V">
              <lines>
                <line number="131" hits="0"/>
              </lines>
            </method>
            <method name="(anonymous_14)" hits="0" signature="()V">
              <lines>
                <line number="137" hits="0"/>
              </lines>
            </method>
            <method name="getCoursesByStudentId" hits="0" signature="()V">
              <lines>
                <line number="160" hits="0"/>
              </lines>
            </method>
            <method name="getAllCourses" hits="0" signature="()V">
              <lines>
                <line number="175" hits="0"/>
              </lines>
            </method>
            <method name="getCourseById" hits="2" signature="()V">
              <lines>
                <line number="195" hits="2"/>
              </lines>
            </method>
            <method name="(anonymous_18)" hits="3" signature="()V">
              <lines>
                <line number="216" hits="3"/>
              </lines>
            </method>
            <method name="enrollInCourse" hits="4" signature="()V">
              <lines>
                <line number="240" hits="4"/>
              </lines>
            </method>
            <method name="(anonymous_20)" hits="0" signature="()V">
              <lines>
                <line number="291" hits="0"/>
              </lines>
            </method>
            <method name="getEnrolledCourses" hits="0" signature="()V">
              <lines>
                <line number="296" hits="0"/>
              </lines>
            </method>
            <method name="getStudentMyCourses" hits="0" signature="()V">
              <lines>
                <line number="321" hits="0"/>
              </lines>
            </method>
            <method name="(anonymous_23)" hits="0" signature="()V">
              <lines>
                <line number="343" hits="0"/>
              </lines>
            </method>
            <method name="quizSubmission" hits="0" signature="()V">
              <lines>
                <line number="366" hits="0"/>
              </lines>
            </method>
            <method name="(anonymous_25)" hits="0" signature="()V">
              <lines>
                <line number="390" hits="0"/>
              </lines>
            </method>
            <method name="(anonymous_26)" hits="0" signature="()V">
              <lines>
                <line number="392" hits="0"/>
              </lines>
            </method>
            <method name="(anonymous_27)" hits="0" signature="()V">
              <lines>
                <line number="428" hits="0"/>
              </lines>
            </method>
            <method name="(anonymous_28)" hits="0" signature="()V">
              <lines>
                <line number="445" hits="0"/>
              </lines>
            </method>
            <method name="(anonymous_29)" hits="0" signature="()V">
              <lines>
                <line number="472" hits="0"/>
              </lines>
            </method>
            <method name="getQuizSubmissions" hits="0" signature="()V">
              <lines>
                <line number="477" hits="0"/>
              </lines>
            </method>
            <method name="(anonymous_31)" hits="0" signature="()V">
              <lines>
                <line number="485" hits="0"/>
              </lines>
            </method>
            <method name="(anonymous_32)" hits="0" signature="()V">
              <lines>
                <line number="491" hits="0"/>
              </lines>
            </method>
            <method name="(anonymous_33)" hits="0" signature="()V">
              <lines>
                <line number="496" hits="0"/>
              </lines>
            </method>
            <method name="(anonymous_34)" hits="0" signature="()V">
              <lines>
                <line number="498" hits="0"/>
              </lines>
            </method>
            <method name="(anonymous_35)" hits="0" signature="()V">
              <lines>
                <line number="501" hits="0"/>
              </lines>
            </method>
            <method name="(anonymous_36)" hits="0" signature="()V">
              <lines>
                <line number="504" hits="0"/>
              </lines>
            </method>
            <method name="(anonymous_37)" hits="0" signature="()V">
              <lines>
                <line number="507" hits="0"/>
              </lines>
            </method>
            <method name="getStreakStats" hits="2" signature="()V">
              <lines>
                <line number="530" hits="2"/>
              </lines>
            </method>
            <method name="(anonymous_39)" hits="3" signature="()V">
              <lines>
                <line number="544" hits="3"/>
              </lines>
            </method>
            <method name="(anonymous_40)" hits="3" signature="()V">
              <lines>
                <line number="556" hits="3"/>
              </lines>
            </method>
            <method name="(anonymous_41)" hits="2" signature="()V">
              <lines>
                <line number="563" hits="2"/>
              </lines>
            </method>
            <method name="studentProgress" hits="4" signature="()V">
              <lines>
                <line number="595" hits="4"/>
              </lines>
            </method>
            <method name="(anonymous_43)" hits="1" signature="()V">
              <lines>
                <line number="650" hits="1"/>
              </lines>
            </method>
            <method name="getStudentProgress" hits="0" signature="()V">
              <lines>
                <line number="692" hits="0"/>
              </lines>
            </method>
            <method name="updateStudentStreak" hits="0" signature="()V">
              <lines>
                <line number="714" hits="0"/>
              </lines>
            </method>
            <method name="getStudentDashboard" hits="0" signature="()V">
              <lines>
                <line number="766" hits="0"/>
              </lines>
            </method>
            <method name="(anonymous_47)" hits="0" signature="()V">
              <lines>
                <line number="787" hits="0"/>
              </lines>
            </method>
            <method name="(anonymous_48)" hits="0" signature="()V">
              <lines>
                <line number="811" hits="0"/>
              </lines>
            </method>
            <method name="(anonymous_49)" hits="0" signature="()V">
              <lines>
                <line number="817" hits="0"/>
              </lines>
            </method>
            <method name="(anonymous_50)" hits="0" signature="()V">
              <lines>
                <line number="822" hits="0"/>
              </lines>
            </method>
            <method name="(anonymous_51)" hits="0" signature="()V">
              <lines>
                <line number="840" hits="0"/>
              </lines>
            </method>
            <method name="(anonymous_52)" hits="0" signature="()V">
              <lines>
                <line number="864" hits="0"/>
              </lines>
            </method>
            <method name="(anonymous_53)" hits="0" signature="()V">
              <lines>
                <line number="903" hits="0"/>
              </lines>
            </method>
            <method name="(anonymous_54)" hits="0" signature="()V">
              <lines>
                <line number="910" hits="0"/>
              </lines>
            </method>
            <method name="(anonymous_55)" hits="0" signature="()V">
              <lines>
                <line number="916" hits="0"/>
              </lines>
            </method>
            <method name="(anonymous_56)" hits="0" signature="()V">
              <lines>
                <line number="921" hits="0"/>
              </lines>
            </method>
            <method name="(anonymous_57)" hits="0" signature="()V">
              <lines>
                <line number="925" hits="0"/>
              </lines>
            </method>
            <method name="(anonymous_58)" hits="0" signature="()V">
              <lines>
                <line number="932" hits="0"/>
              </lines>
            </method>
            <method name="markTopicComplete" hits="0" signature="()V">
              <lines>
                <line number="957" hits="0"/>
              </lines>
            </method>
            <method name="(anonymous_60)" hits="0" signature="()V">
              <lines>
                <line number="997" hits="0"/>
              </lines>
            </method>
            <method name="(anonymous_61)" hits="0" signature="()V">
              <lines>
                <line number="1010" hits="0"/>
              </lines>
            </method>
            <method name="(anonymous_62)" hits="0" signature="()V">
              <lines>
                <line number="1050" hits="0"/>
              </lines>
            </method>
            <method name="getTopicCompletionStatus" hits="0" signature="()V">
              <lines>
                <line number="1054" hits="0"/>
              </lines>
            </method>
            <method name="(anonymous_64)" hits="0" signature="()V">
              <lines>
                <line number="1077" hits="0"/>
              </lines>
            </method>
            <method name="(anonymous_65)" hits="0" signature="()V">
              <lines>
                <line number="1093" hits="0"/>
              </lines>
            </method>
            <method name="getTotalTopicsInCourse" hits="0" signature="()V">
              <lines>
                <line number="1123" hits="0"/>
              </lines>
            </method>
            <method name="(anonymous_67)" hits="0" signature="()V">
              <lines>
                <line number="1128" hits="0"/>
              </lines>
            </method>
          </methods>
          <lines>
            <line number="1" hits="1" branch="false"/>
            <line number="2" hits="1" branch="false"/>
            <line number="3" hits="1" branch="false"/>
            <line number="4" hits="1" branch="false"/>
            <line number="7" hits="0" branch="false"/>
            <line number="8" hits="0" branch="false"/>
            <line number="9" hits="0" branch="false"/>
            <line number="16" hits="0" branch="false"/>
            <line number="17" hits="0" branch="false"/>
            <line number="26" hits="0" branch="false"/>
            <line number="27" hits="0" branch="false"/>
            <line number="28" hits="0" branch="false"/>
            <line number="34" hits="0" branch="false"/>
            <line number="36" hits="0" branch="true" condition-coverage="0% (0/2)"/>
            <line number="38" hits="0" branch="true" condition-coverage="0% (0/2)"/>
            <line number="40" hits="0" branch="true" condition-coverage="0% (0/2)"/>
            <line number="45" hits="0" branch="false"/>
            <line number="52" hits="0" branch="true" condition-coverage="0% (0/2)"/>
            <line number="59" hits="0" branch="false"/>
            <line number="60" hits="0" branch="false"/>
            <line number="62" hits="0" branch="false"/>
            <line number="63" hits="0" branch="false"/>
            <line number="64" hits="0" branch="false"/>
            <line number="66" hits="0" branch="false"/>
            <line number="67" hits="0" branch="true" condition-coverage="0% (0/2)"/>
            <line number="72" hits="0" branch="false"/>
            <line number="80" hits="0" branch="false"/>
            <line number="87" hits="0" branch="false"/>
            <line number="93" hits="0" branch="false"/>
            <line number="99" hits="0" branch="false"/>
            <line number="106" hits="0" branch="false"/>
            <line number="107" hits="0" branch="false"/>
            <line number="116" hits="0" branch="false"/>
            <line number="117" hits="0" branch="false"/>
            <line number="118" hits="0" branch="false"/>
            <line number="119" hits="0" branch="false"/>
            <line number="120" hits="0" branch="false"/>
            <line number="122" hits="0" branch="false"/>
            <line number="128" hits="0" branch="false"/>
            <line number="131" hits="0" branch="false"/>
            <line number="132" hits="0" branch="false"/>
            <line number="136" hits="0" branch="false"/>
            <line number="137" hits="0" branch="false"/>
            <line number="141" hits="0" branch="false"/>
            <line number="142" hits="0" branch="false"/>
            <line number="144" hits="0" branch="false"/>
            <line number="151" hits="0" branch="false"/>
            <line number="152" hits="0" branch="false"/>
            <line number="161" hits="0" branch="false"/>
            <line number="166" hits="0" branch="false"/>
            <line number="176" hits="0" branch="false"/>
            <line number="177" hits="0" branch="false"/>
            <line number="178" hits="0" branch="false"/>
            <line number="185" hits="0" branch="false"/>
            <line number="186" hits="0" branch="false"/>
            <line number="196" hits="2" branch="false"/>
            <line number="197" hits="2" branch="false"/>
            <line number="198" hits="2" branch="false"/>
            <line number="203" hits="2" branch="true" condition-coverage="100% (2/2)"/>
            <line number="204" hits="1" branch="false"/>
            <line number="212" hits="1" branch="true" condition-coverage="50% (1/2)"/>
            <line number="213" hits="1" branch="false"/>
            <line number="214" hits="1" branch="true" condition-coverage="50% (1/2)"/>
            <line number="216" hits="3" branch="true" condition-coverage="50% (1/2)"/>
            <line number="220" hits="1" branch="false"/>
            <line number="230" hits="0" branch="false"/>
            <line number="231" hits="0" branch="false"/>
            <line number="241" hits="4" branch="false"/>
            <line number="243" hits="4" branch="false"/>
            <line number="244" hits="4" branch="false"/>
            <line number="245" hits="4" branch="false"/>
            <line number="247" hits="4" branch="false"/>
            <line number="248" hits="4" branch="true" condition-coverage="100% (2/2)"/>
            <line number="249" hits="1" branch="false"/>
            <line number="256" hits="3" branch="false"/>
            <line number="257" hits="3" branch="true" condition-coverage="100% (2/2)"/>
            <line number="258" hits="1" branch="false"/>
            <line number="266" hits="2" branch="true" condition-coverage="100% (2/2)"/>
            <line number="267" hits="1" branch="false"/>
            <line number="275" hits="1" branch="false"/>
            <line number="276" hits="1" branch="false"/>
            <line number="278" hits="1" branch="false"/>
            <line number="284" hits="0" branch="false"/>
            <line number="285" hits="0" branch="false"/>
            <line number="291" hits="4" branch="false"/>
            <line number="297" hits="0" branch="false"/>
            <line number="298" hits="0" branch="false"/>
            <line number="300" hits="0" branch="false"/>
            <line number="305" hits="0" branch="false"/>
            <line number="312" hits="0" branch="false"/>
            <line number="313" hits="0" branch="false"/>
            <line number="322" hits="0" branch="false"/>
            <line number="323" hits="0" branch="false"/>
            <line number="325" hits="0" branch="false"/>
            <line number="334" hits="0" branch="true" condition-coverage="0% (0/2)"/>
            <line number="335" hits="0" branch="false"/>
            <line number="343" hits="0" branch="false"/>
            <line number="350" hits="0" branch="false"/>
            <line number="357" hits="0" branch="false"/>
            <line number="358" hits="0" branch="false"/>
            <line number="367" hits="0" branch="false"/>
            <line number="369" hits="0" branch="false"/>
            <line number="370" hits="0" branch="false"/>
            <line number="371" hits="0" branch="false"/>
            <line number="373" hits="0" branch="false"/>
            <line number="378" hits="0" branch="true" condition-coverage="0% (0/2)"/>
            <line number="379" hits="0" branch="false"/>
            <line number="386" hits="0" branch="false"/>
            <line number="387" hits="0" branch="false"/>
            <line number="389" hits="0" branch="false"/>
            <line number="390" hits="0" branch="false"/>
            <line number="391" hits="0" branch="false"/>
            <line number="392" hits="0" branch="false"/>
            <line number="394" hits="0" branch="false"/>
            <line number="395" hits="0" branch="true" condition-coverage="0% (0/2)"/>
            <line number="396" hits="0" branch="true" condition-coverage="0% (0/2)"/>
            <line number="398" hits="0" branch="false"/>
            <line number="409" hits="0" branch="false"/>
            <line number="410" hits="0" branch="false"/>
            <line number="412" hits="0" branch="false"/>
            <line number="422" hits="0" branch="false"/>
            <line number="425" hits="0" branch="false"/>
            <line number="426" hits="0" branch="true" condition-coverage="0% (0/2)"/>
            <line number="427" hits="0" branch="false"/>
            <line number="428" hits="0" branch="true" condition-coverage="0% (0/2)"/>
            <line number="431" hits="0" branch="true" condition-coverage="0% (0/2)"/>
            <line number="433" hits="0" branch="false"/>
            <line number="442" hits="0" branch="false"/>
            <line number="443" hits="0" branch="true" condition-coverage="0% (0/2)"/>
            <line number="444" hits="0" branch="false"/>
            <line number="445" hits="0" branch="true" condition-coverage="0% (0/2)"/>
            <line number="448" hits="0" branch="false"/>
            <line number="451" hits="0" branch="false"/>
            <line number="454" hits="0" branch="false"/>
            <line number="458" hits="0" branch="false"/>
            <line number="465" hits="0" branch="false"/>
            <line number="466" hits="0" branch="false"/>
            <line number="472" hits="0" branch="false"/>
            <line number="478" hits="0" branch="false"/>
            <line number="479" hits="0" branch="false"/>
            <line number="481" hits="0" branch="false"/>
            <line number="484" hits="0" branch="false"/>
            <line number="485" hits="0" branch="false"/>
            <line number="486" hits="0" branch="true" condition-coverage="0% (0/2)"/>
            <line number="487" hits="0" branch="true" condition-coverage="0% (0/2)"/>
            <line number="488" hits="0" branch="false"/>
            <line number="491" hits="0" branch="false"/>
            <line number="492" hits="0" branch="false"/>
            <line number="495" hits="0" branch="false"/>
            <line number="496" hits="0" branch="false"/>
            <line number="498" hits="0" branch="false"/>
            <line number="500" hits="0" branch="false"/>
            <line number="501" hits="0" branch="true" condition-coverage="0% (0/4)"/>
            <line number="503" hits="0" branch="true" condition-coverage="0% (0/2)"/>
            <line number="504" hits="0" branch="false"/>
            <line number="506" hits="0" branch="false"/>
            <line number="507" hits="0" branch="false"/>
            <line number="510" hits="0" branch="false"/>
            <line number="520" hits="0" branch="false"/>
            <line number="522" hits="0" branch="false"/>
            <line number="523" hits="0" branch="false"/>
            <line number="531" hits="2" branch="false"/>
            <line number="532" hits="2" branch="false"/>
            <line number="534" hits="2" branch="false"/>
            <line number="539" hits="1" branch="false"/>
            <line number="543" hits="1" branch="false"/>
            <line number="544" hits="1" branch="false"/>
            <line number="545" hits="3" branch="false"/>
            <line number="547" hits="3" branch="false"/>
            <line number="550" hits="1" branch="false"/>
            <line number="553" hits="1" branch="false"/>
            <line number="556" hits="1" branch="false"/>
            <line number="557" hits="3" branch="false"/>
            <line number="558" hits="3" branch="false"/>
            <line number="562" hits="1" branch="true" condition-coverage="75% (3/4)"/>
            <line number="563" hits="1" branch="false"/>
            <line number="564" hits="2" branch="false"/>
            <line number="565" hits="2" branch="false"/>
            <line number="570" hits="1" branch="true" condition-coverage="50% (1/2)"/>
            <line number="571" hits="1" branch="false"/>
            <line number="572" hits="1" branch="false"/>
            <line number="575" hits="1" branch="false"/>
            <line number="577" hits="1" branch="false"/>
            <line number="588" hits="1" branch="false"/>
            <line number="589" hits="1" branch="false"/>
            <line number="596" hits="4" branch="false"/>
            <line number="602" hits="4" branch="true" condition-coverage="75% (3/4)"/>
            <line number="603" hits="4" branch="false"/>
            <line number="604" hits="0" branch="true" condition-coverage="0% (0/4)"/>
            <line number="605" hits="0" branch="false"/>
            <line number="609" hits="4" branch="true" condition-coverage="100% (2/2)"/>
            <line number="610" hits="1" branch="false"/>
            <line number="614" hits="4" branch="true" condition-coverage="100% (2/2)"/>
            <line number="620" hits="1" branch="false"/>
            <line number="621" hits="1" branch="false"/>
            <line number="629" hits="3" branch="true" condition-coverage="100% (4/4)"/>
            <line number="630" hits="1" branch="false"/>
            <line number="637" hits="2" branch="false"/>
            <line number="638" hits="2" branch="false"/>
            <line number="640" hits="2" branch="true" condition-coverage="100% (2/2)"/>
            <line number="641" hits="1" branch="false"/>
            <line number="648" hits="1" branch="false"/>
            <line number="649" hits="1" branch="false"/>
            <line number="650" hits="1" branch="false"/>
            <line number="653" hits="1" branch="true" condition-coverage="50% (1/2)"/>
            <line number="654" hits="1" branch="false"/>
            <line number="655" hits="1" branch="false"/>
            <line number="659" hits="0" branch="false"/>
            <line number="663" hits="0" branch="false"/>
            <line number="668" hits="1" branch="false"/>
            <line number="670" hits="1" branch="false"/>
            <line number="683" hits="0" branch="false"/>
            <line number="684" hits="0" branch="false"/>
            <line number="693" hits="0" branch="false"/>
            <line number="694" hits="0" branch="false"/>
            <line number="695" hits="0" branch="false"/>
            <line number="697" hits="0" branch="false"/>
            <line number="704" hits="0" branch="false"/>
            <line number="705" hits="0" branch="false"/>
            <line number="715" hits="0" branch="false"/>
            <line number="716" hits="0" branch="false"/>
            <line number="717" hits="0" branch="true" condition-coverage="0% (0/2)"/>
            <line number="719" hits="0" branch="false"/>
            <line number="720" hits="0" branch="false"/>
            <line number="722" hits="0" branch="true" condition-coverage="0% (0/2)"/>
            <line number="723" hits="0" branch="true" condition-coverage="0% (0/2)"/>
            <line number="725" hits="0" branch="true" condition-coverage="0% (0/2)"/>
            <line number="726" hits="0" branch="false"/>
            <line number="727" hits="0" branch="false"/>
            <line number="729" hits="0" branch="true" condition-coverage="0% (0/2)"/>
            <line number="731" hits="0" branch="false"/>
            <line number="734" hits="0" branch="false"/>
            <line number="735" hits="0" branch="false"/>
            <line number="737" hits="0" branch="true" condition-coverage="0% (0/2)"/>
            <line number="739" hits="0" branch="false"/>
            <line number="740" hits="0" branch="true" condition-coverage="0% (0/2)"/>
            <line number="742" hits="0" branch="false"/>
            <line number="746" hits="0" branch="false"/>
            <line number="750" hits="0" branch="true" condition-coverage="0% (0/2)"/>
            <line number="751" hits="0" branch="false"/>
            <line number="755" hits="0" branch="false"/>
            <line number="762" hits="0" branch="false"/>
            <line number="767" hits="0" branch="false"/>
            <line number="768" hits="0" branch="false"/>
            <line number="771" hits="0" branch="false"/>
            <line number="773" hits="0" branch="false"/>
            <line number="778" hits="0" branch="true" condition-coverage="0% (0/2)"/>
            <line number="779" hits="0" branch="false"/>
            <line number="786" hits="0" branch="true" condition-coverage="0% (0/2)"/>
            <line number="787" hits="0" branch="false"/>
            <line number="790" hits="0" branch="false"/>
            <line number="792" hits="0" branch="true" condition-coverage="0% (0/2)"/>
            <line number="793" hits="0" branch="false"/>
            <line number="810" hits="0" branch="false"/>
            <line number="811" hits="0" branch="true" condition-coverage="0% (0/2)"/>
            <line number="816" hits="0" branch="false"/>
            <line number="818" hits="0" branch="true" condition-coverage="0% (0/2)"/>
            <line number="820" hits="0" branch="true" condition-coverage="0% (0/2)"/>
            <line number="822" hits="0" branch="true" condition-coverage="0% (0/2)"/>
            <line number="827" hits="0" branch="false"/>
            <line number="828" hits="0" branch="true" condition-coverage="0% (0/4)"/>
            <line number="829" hits="0" branch="true" condition-coverage="0% (0/2)"/>
            <line number="833" hits="0" branch="false"/>
            <line number="840" hits="0" branch="true" condition-coverage="0% (0/2)"/>
            <line number="853" hits="0" branch="false"/>
            <line number="854" hits="0" branch="false"/>
            <line number="855" hits="0" branch="false"/>
            <line number="858" hits="0" branch="false"/>
            <line number="859" hits="0" branch="false"/>
            <line number="860" hits="0" branch="false"/>
            <line number="861" hits="0" branch="false"/>
            <line number="864" hits="0" branch="false"/>
            <line number="865" hits="0" branch="false"/>
            <line number="868" hits="0" branch="false"/>
            <line number="871" hits="0" branch="true" condition-coverage="0% (0/2)"/>
            <line number="872" hits="0" branch="false"/>
            <line number="874" hits="0" branch="false"/>
            <line number="880" hits="0" branch="false"/>
            <line number="883" hits="0" branch="false"/>
            <line number="888" hits="0" branch="false"/>
            <line number="903" hits="0" branch="false"/>
            <line number="910" hits="0" branch="false"/>
            <line number="916" hits="0" branch="false"/>
            <line number="921" hits="0" branch="false"/>
            <line number="925" hits="0" branch="false"/>
            <line number="932" hits="0" branch="false"/>
            <line number="941" hits="0" branch="false"/>
            <line number="948" hits="0" branch="false"/>
            <line number="949" hits="0" branch="false"/>
            <line number="958" hits="0" branch="false"/>
            <line number="960" hits="0" branch="false"/>
            <line number="961" hits="0" branch="false"/>
            <line number="962" hits="0" branch="false"/>
            <line number="964" hits="0" branch="false"/>
            <line number="969" hits="0" branch="true" condition-coverage="0% (0/2)"/>
            <line number="970" hits="0" branch="false"/>
            <line number="978" hits="0" branch="true" condition-coverage="0% (0/5)"/>
            <line number="979" hits="0" branch="false"/>
            <line number="986" hits="0" branch="false"/>
            <line number="987" hits="0" branch="true" condition-coverage="0% (0/2)"/>
            <line number="988" hits="0" branch="false"/>
            <line number="996" hits="0" branch="false"/>
            <line number="997" hits="0" branch="false"/>
            <line number="1000" hits="0" branch="true" condition-coverage="0% (0/2)"/>
            <line number="1001" hits="0" branch="false"/>
            <line number="1009" hits="0" branch="false"/>
            <line number="1011" hits="0" branch="true" condition-coverage="0% (0/2)"/>
            <line number="1015" hits="0" branch="true" condition-coverage="0% (0/2)"/>
            <line number="1016" hits="0" branch="false"/>
            <line number="1025" hits="0" branch="false"/>
            <line number="1031" hits="0" branch="false"/>
            <line number="1033" hits="0" branch="false"/>
            <line number="1043" hits="0" branch="false"/>
            <line number="1044" hits="0" branch="false"/>
            <line number="1050" hits="0" branch="false"/>
            <line number="1055" hits="0" branch="false"/>
            <line number="1056" hits="0" branch="false"/>
            <line number="1057" hits="0" branch="false"/>
            <line number="1059" hits="0" branch="true" condition-coverage="0% (0/2)"/>
            <line number="1060" hits="0" branch="false"/>
            <line number="1067" hits="0" branch="false"/>
            <line number="1068" hits="0" branch="true" condition-coverage="0% (0/2)"/>
            <line number="1069" hits="0" branch="false"/>
            <line number="1076" hits="0" branch="false"/>
            <line number="1077" hits="0" branch="false"/>
            <line number="1080" hits="0" branch="true" condition-coverage="0% (0/2)"/>
            <line number="1081" hits="0" branch="false"/>
            <line number="1088" hits="0" branch="false"/>
            <line number="1090" hits="0" branch="true" condition-coverage="0% (0/4)"/>
            <line number="1092" hits="0" branch="false"/>
            <line number="1094" hits="0" branch="true" condition-coverage="0% (0/2)"/>
            <line number="1097" hits="0" branch="false"/>
            <line number="1100" hits="0" branch="false"/>
            <line number="1106" hits="0" branch="false"/>
            <line number="1113" hits="0" branch="false"/>
            <line number="1114" hits="0" branch="false"/>
            <line number="1124" hits="0" branch="false"/>
            <line number="1125" hits="0" branch="false"/>
            <line number="1126" hits="0" branch="true" condition-coverage="0% (0/2)"/>
            <line number="1128" hits="0" branch="false"/>
            <line number="1129" hits="0" branch="true" condition-coverage="0% (0/2)"/>
            <line number="1132" hits="0" branch="false"/>
            <line number="1133" hits="0" branch="false"/>
            <line number="1137" hits="1" branch="false"/>
          </lines>
        </class>
        <class name="superadminController.js" filename="controller\superadminController.js" line-rate="0.3617" branch-rate="0.25">
          <methods>
            <method name="(anonymous_0)" hits="0" signature="()V">
              <lines>
                <line number="7" hits="0"/>
              </lines>
            </method>
            <method name="(anonymous_1)" hits="0" signature="()V">
              <lines>
                <line number="19" hits="0"/>
              </lines>
            </method>
            <method name="(anonymous_2)" hits="0" signature="()V">
              <lines>
                <line number="45" hits="0"/>
              </lines>
            </method>
            <method name="(anonymous_3)" hits="0" signature="()V">
              <lines>
                <line number="162" hits="0"/>
              </lines>
            </method>
            <method name="(anonymous_4)" hits="0" signature="()V">
              <lines>
                <line number="232" hits="0"/>
              </lines>
            </method>
            <method name="(anonymous_5)" hits="2" signature="()V">
              <lines>
                <line number="259" hits="2"/>
              </lines>
            </method>
            <method name="(anonymous_6)" hits="2" signature="()V">
              <lines>
                <line number="299" hits="2"/>
              </lines>
            </method>
            <method name="(anonymous_7)" hits="1" signature="()V">
              <lines>
                <line number="344" hits="1"/>
              </lines>
            </method>
            <method name="(anonymous_8)" hits="3" signature="()V">
              <lines>
                <line number="384" hits="3"/>
              </lines>
            </method>
            <method name="(anonymous_9)" hits="0" signature="()V">
              <lines>
                <line number="449" hits="0"/>
              </lines>
            </method>
            <method name="(anonymous_10)" hits="0" signature="()V">
              <lines>
                <line number="554" hits="0"/>
              </lines>
            </method>
            <method name="(anonymous_11)" hits="0" signature="()V">
              <lines>
                <line number="602" hits="0"/>
              </lines>
            </method>
            <method name="(anonymous_12)" hits="0" signature="()V">
              <lines>
                <line number="651" hits="0"/>
              </lines>
            </method>
            <method name="(anonymous_13)" hits="0" signature="()V">
              <lines>
                <line number="661" hits="0"/>
              </lines>
            </method>
            <method name="(anonymous_14)" hits="0" signature="()V">
              <lines>
                <line number="667" hits="0"/>
              </lines>
            </method>
            <method name="(anonymous_15)" hits="0" signature="()V">
              <lines>
                <line number="689" hits="0"/>
              </lines>
            </method>
            <method name="(anonymous_16)" hits="0" signature="()V">
              <lines>
                <line number="710" hits="0"/>
              </lines>
            </method>
            <method name="(anonymous_17)" hits="0" signature="()V">
              <lines>
                <line number="814" hits="0"/>
              </lines>
            </method>
          </methods>
          <lines>
            <line number="1" hits="1" branch="false"/>
            <line number="2" hits="1" branch="false"/>
            <line number="3" hits="1" branch="false"/>
            <line number="4" hits="1" branch="false"/>
            <line number="5" hits="1" branch="false"/>
            <line number="7" hits="1" branch="false"/>
            <line number="19" hits="1" branch="false"/>
            <line number="45" hits="1" branch="false"/>
            <line number="46" hits="0" branch="false"/>
            <line number="48" hits="0" branch="false"/>
            <line number="53" hits="0" branch="true" condition-coverage="0% (0/2)"/>
            <line number="54" hits="0" branch="false"/>
            <line number="55" hits="0" branch="false"/>
            <line number="58" hits="0" branch="false"/>
            <line number="82" hits="0" branch="false"/>
            <line number="83" hits="0" branch="false"/>
            <line number="85" hits="0" branch="false"/>
            <line number="98" hits="0" branch="false"/>
            <line number="109" hits="0" branch="false"/>
            <line number="131" hits="0" branch="false"/>
            <line number="145" hits="0" branch="false"/>
            <line number="146" hits="0" branch="false"/>
            <line number="162" hits="1" branch="false"/>
            <line number="163" hits="0" branch="false"/>
            <line number="164" hits="0" branch="false"/>
            <line number="167" hits="0" branch="true" condition-coverage="0% (0/2)"/>
            <line number="169" hits="0" branch="false"/>
            <line number="213" hits="0" branch="false"/>
            <line number="219" hits="0" branch="false"/>
            <line number="220" hits="0" branch="false"/>
            <line number="232" hits="1" branch="false"/>
            <line number="233" hits="0" branch="false"/>
            <line number="234" hits="0" branch="false"/>
            <line number="238" hits="0" branch="false"/>
            <line number="247" hits="0" branch="false"/>
            <line number="248" hits="0" branch="false"/>
            <line number="259" hits="1" branch="false"/>
            <line number="260" hits="2" branch="false"/>
            <line number="261" hits="2" branch="false"/>
            <line number="263" hits="2" branch="false"/>
            <line number="269" hits="2" branch="true" condition-coverage="100% (2/2)"/>
            <line number="270" hits="1" branch="false"/>
            <line number="276" hits="1" branch="false"/>
            <line number="282" hits="0" branch="false"/>
            <line number="283" hits="0" branch="false"/>
            <line number="299" hits="1" branch="false"/>
            <line number="300" hits="2" branch="false"/>
            <line number="301" hits="2" branch="false"/>
            <line number="304" hits="2" branch="true" condition-coverage="100% (2/2)"/>
            <line number="306" hits="2" branch="false"/>
            <line number="307" hits="2" branch="false"/>
            <line number="308" hits="2" branch="false"/>
            <line number="310" hits="2" branch="false"/>
            <line number="320" hits="2" branch="false"/>
            <line number="331" hits="0" branch="false"/>
            <line number="332" hits="0" branch="false"/>
            <line number="344" hits="1" branch="false"/>
            <line number="345" hits="1" branch="false"/>
            <line number="346" hits="1" branch="false"/>
            <line number="350" hits="1" branch="false"/>
            <line number="354" hits="1" branch="false"/>
            <line number="358" hits="1" branch="false"/>
            <line number="372" hits="0" branch="false"/>
            <line number="373" hits="0" branch="false"/>
            <line number="384" hits="1" branch="false"/>
            <line number="385" hits="3" branch="false"/>
            <line number="386" hits="3" branch="false"/>
            <line number="387" hits="3" branch="false"/>
            <line number="392" hits="3" branch="true" condition-coverage="50% (2/4)"/>
            <line number="394" hits="2" branch="false"/>
            <line number="395" hits="2" branch="false"/>
            <line number="397" hits="0" branch="false"/>
            <line number="398" hits="0" branch="false"/>
            <line number="400" hits="0" branch="false"/>
            <line number="401" hits="0" branch="false"/>
            <line number="403" hits="1" branch="false"/>
            <line number="410" hits="2" branch="false"/>
            <line number="412" hits="2" branch="true" condition-coverage="100% (2/2)"/>
            <line number="413" hits="1" branch="false"/>
            <line number="420" hits="1" branch="false"/>
            <line number="426" hits="1" branch="false"/>
            <line number="432" hits="0" branch="false"/>
            <line number="433" hits="0" branch="false"/>
            <line number="449" hits="1" branch="false"/>
            <line number="450" hits="0" branch="false"/>
            <line number="452" hits="0" branch="false"/>
            <line number="453" hits="0" branch="false"/>
            <line number="472" hits="0" branch="false"/>
            <line number="499" hits="0" branch="false"/>
            <line number="500" hits="0" branch="true" condition-coverage="0% (0/2)"/>
            <line number="501" hits="0" branch="false"/>
            <line number="502" hits="0" branch="false"/>
            <line number="503" hits="0" branch="true" condition-coverage="0% (0/2)"/>
            <line number="505" hits="0" branch="false"/>
            <line number="537" hits="0" branch="false"/>
            <line number="538" hits="0" branch="false"/>
            <line number="554" hits="1" branch="false"/>
            <line number="555" hits="0" branch="false"/>
            <line number="556" hits="0" branch="true" condition-coverage="0% (0/1)"/>
            <line number="557" hits="0" branch="false"/>
            <line number="558" hits="0" branch="false"/>
            <line number="560" hits="0" branch="false"/>
            <line number="564" hits="0" branch="false"/>
            <line number="569" hits="0" branch="false"/>
            <line number="572" hits="0" branch="false"/>
            <line number="576" hits="0" branch="false"/>
            <line number="589" hits="0" branch="false"/>
            <line number="590" hits="0" branch="false"/>
            <line number="602" hits="1" branch="false"/>
            <line number="603" hits="0" branch="false"/>
            <line number="604" hits="0" branch="false"/>
            <line number="650" hits="0" branch="false"/>
            <line number="651" hits="0" branch="false"/>
            <line number="660" hits="0" branch="false"/>
            <line number="661" hits="0" branch="false"/>
            <line number="667" hits="0" branch="false"/>
            <line number="668" hits="0" branch="true" condition-coverage="0% (0/2)"/>
            <line number="672" hits="0" branch="true" condition-coverage="0% (0/2)"/>
            <line number="673" hits="0" branch="false"/>
            <line number="675" hits="0" branch="false"/>
            <line number="689" hits="0" branch="false"/>
            <line number="691" hits="0" branch="false"/>
            <line number="697" hits="0" branch="false"/>
            <line number="698" hits="0" branch="false"/>
            <line number="710" hits="1" branch="false"/>
            <line number="711" hits="0" branch="false"/>
            <line number="712" hits="0" branch="false"/>
            <line number="795" hits="0" branch="false"/>
            <line number="801" hits="0" branch="false"/>
            <line number="802" hits="0" branch="false"/>
            <line number="814" hits="1" branch="false"/>
            <line number="815" hits="0" branch="false"/>
            <line number="816" hits="0" branch="true" condition-coverage="0% (0/1)"/>
            <line number="817" hits="0" branch="false"/>
            <line number="818" hits="0" branch="false"/>
            <line number="820" hits="0" branch="false"/>
            <line number="838" hits="0" branch="false"/>
            <line number="858" hits="0" branch="false"/>
            <line number="867" hits="0" branch="false"/>
            <line number="868" hits="0" branch="false"/>
            <line number="876" hits="1" branch="false"/>
          </lines>
        </class>
        <class name="teacherController.js" filename="controller\teacherController.js" line-rate="0.3333" branch-rate="0.3947">
          <methods>
            <method name="getTeachers" hits="1" signature="()V">
              <lines>
                <line number="9" hits="1"/>
              </lines>
            </method>
            <method name="createCourse" hits="0" signature="()V">
              <lines>
                <line number="20" hits="0"/>
              </lines>
            </method>
            <method name="(anonymous_2)" hits="0" signature="()V">
              <lines>
                <line number="26" hits="0"/>
              </lines>
            </method>
            <method name="(anonymous_3)" hits="0" signature="()V">
              <lines>
                <line number="27" hits="0"/>
              </lines>
            </method>
            <method name="(anonymous_4)" hits="0" signature="()V">
              <lines>
                <line number="28" hits="0"/>
              </lines>
            </method>
            <method name="(anonymous_5)" hits="0" signature="()V">
              <lines>
                <line number="34" hits="0"/>
              </lines>
            </method>
            <method name="(anonymous_6)" hits="0" signature="()V">
              <lines>
                <line number="37" hits="0"/>
              </lines>
            </method>
            <method name="(anonymous_7)" hits="0" signature="()V">
              <lines>
                <line number="40" hits="0"/>
              </lines>
            </method>
            <method name="updateCourse" hits="4" signature="()V">
              <lines>
                <line number="82" hits="4"/>
              </lines>
            </method>
            <method name="(anonymous_9)" hits="1" signature="()V">
              <lines>
                <line number="118" hits="1"/>
              </lines>
            </method>
            <method name="(anonymous_10)" hits="1" signature="()V">
              <lines>
                <line number="119" hits="1"/>
              </lines>
            </method>
            <method name="(anonymous_11)" hits="1" signature="()V">
              <lines>
                <line number="120" hits="1"/>
              </lines>
            </method>
            <method name="(anonymous_12)" hits="1" signature="()V">
              <lines>
                <line number="131" hits="1"/>
              </lines>
            </method>
            <method name="(anonymous_13)" hits="1" signature="()V">
              <lines>
                <line number="135" hits="1"/>
              </lines>
            </method>
            <method name="(anonymous_14)" hits="1" signature="()V">
              <lines>
                <line number="139" hits="1"/>
              </lines>
            </method>
            <method name="getTeacherCoursesPopulated" hits="0" signature="()V">
              <lines>
                <line number="175" hits="0"/>
              </lines>
            </method>
            <method name="getCourses" hits="0" signature="()V">
              <lines>
                <line number="199" hits="0"/>
              </lines>
            </method>
            <method name="getTeacherCourses" hits="0" signature="()V">
              <lines>
                <line number="210" hits="0"/>
              </lines>
            </method>
            <method name="getcourseById" hits="0" signature="()V">
              <lines>
                <line number="222" hits="0"/>
              </lines>
            </method>
            <method name="percentChange" hits="0" signature="()V">
              <lines>
                <line number="236" hits="0"/>
              </lines>
            </method>
            <method name="getTeacherMetrics" hits="0" signature="()V">
              <lines>
                <line number="244" hits="0"/>
              </lines>
            </method>
            <method name="(anonymous_21)" hits="0" signature="()V">
              <lines>
                <line number="256" hits="0"/>
              </lines>
            </method>
            <method name="(anonymous_22)" hits="0" signature="()V">
              <lines>
                <line number="268" hits="0"/>
              </lines>
            </method>
            <method name="(anonymous_23)" hits="0" signature="()V">
              <lines>
                <line number="271" hits="0"/>
              </lines>
            </method>
            <method name="(anonymous_24)" hits="0" signature="()V">
              <lines>
                <line number="271" hits="0"/>
              </lines>
            </method>
            <method name="(anonymous_25)" hits="0" signature="()V">
              <lines>
                <line number="281" hits="0"/>
              </lines>
            </method>
            <method name="(anonymous_26)" hits="0" signature="()V">
              <lines>
                <line number="284" hits="0"/>
              </lines>
            </method>
            <method name="(anonymous_27)" hits="0" signature="()V">
              <lines>
                <line number="291" hits="0"/>
              </lines>
            </method>
            <method name="(anonymous_28)" hits="0" signature="()V">
              <lines>
                <line number="295" hits="0"/>
              </lines>
            </method>
            <method name="(anonymous_29)" hits="0" signature="()V">
              <lines>
                <line number="301" hits="0"/>
              </lines>
            </method>
            <method name="(anonymous_30)" hits="0" signature="()V">
              <lines>
                <line number="301" hits="0"/>
              </lines>
            </method>
            <method name="(anonymous_31)" hits="0" signature="()V">
              <lines>
                <line number="304" hits="0"/>
              </lines>
            </method>
            <method name="(anonymous_32)" hits="0" signature="()V">
              <lines>
                <line number="304" hits="0"/>
              </lines>
            </method>
            <method name="(anonymous_33)" hits="0" signature="()V">
              <lines>
                <line number="313" hits="0"/>
              </lines>
            </method>
            <method name="(anonymous_34)" hits="0" signature="()V">
              <lines>
                <line number="314" hits="0"/>
              </lines>
            </method>
            <method name="(anonymous_35)" hits="0" signature="()V">
              <lines>
                <line number="327" hits="0"/>
              </lines>
            </method>
            <method name="(anonymous_36)" hits="0" signature="()V">
              <lines>
                <line number="344" hits="0"/>
              </lines>
            </method>
            <method name="getRevenueByDay" hits="0" signature="()V">
              <lines>
                <line number="387" hits="0"/>
              </lines>
            </method>
            <method name="(anonymous_38)" hits="0" signature="()V">
              <lines>
                <line number="400" hits="0"/>
              </lines>
            </method>
            <method name="(anonymous_39)" hits="0" signature="()V">
              <lines>
                <line number="407" hits="0"/>
              </lines>
            </method>
            <method name="uploadQualification" hits="4" signature="()V">
              <lines>
                <line number="413" hits="4"/>
              </lines>
            </method>
            <method name="getQualificationStatus" hits="3" signature="()V">
              <lines>
                <line number="503" hits="3"/>
              </lines>
            </method>
            <method name="getEnrolledStudents" hits="0" signature="()V">
              <lines>
                <line number="538" hits="0"/>
              </lines>
            </method>
            <method name="(anonymous_43)" hits="0" signature="()V">
              <lines>
                <line number="552" hits="0"/>
              </lines>
            </method>
            <method name="(anonymous_44)" hits="0" signature="()V">
              <lines>
                <line number="553" hits="0"/>
              </lines>
            </method>
            <method name="(anonymous_45)" hits="0" signature="()V">
              <lines>
                <line number="565" hits="0"/>
              </lines>
            </method>
            <method name="(anonymous_46)" hits="0" signature="()V">
              <lines>
                <line number="567" hits="0"/>
              </lines>
            </method>
            <method name="(anonymous_47)" hits="0" signature="()V">
              <lines>
                <line number="568" hits="0"/>
              </lines>
            </method>
            <method name="getTeacherDashboard" hits="0" signature="()V">
              <lines>
                <line number="586" hits="0"/>
              </lines>
            </method>
            <method name="(anonymous_49)" hits="0" signature="()V">
              <lines>
                <line number="597" hits="0"/>
              </lines>
            </method>
            <method name="(anonymous_50)" hits="0" signature="()V">
              <lines>
                <line number="598" hits="0"/>
              </lines>
            </method>
            <method name="(anonymous_51)" hits="0" signature="()V">
              <lines>
                <line number="606" hits="0"/>
              </lines>
            </method>
            <method name="(anonymous_52)" hits="0" signature="()V">
              <lines>
                <line number="613" hits="0"/>
              </lines>
            </method>
            <method name="(anonymous_53)" hits="0" signature="()V">
              <lines>
                <line number="618" hits="0"/>
              </lines>
            </method>
          </methods>
          <lines>
            <line number="1" hits="1" branch="false"/>
            <line number="2" hits="1" branch="false"/>
            <line number="3" hits="1" branch="false"/>
            <line number="4" hits="1" branch="false"/>
            <line number="5" hits="1" branch="false"/>
            <line number="6" hits="1" branch="false"/>
            <line number="7" hits="1" branch="false"/>
            <line number="10" hits="1" branch="false"/>
            <line number="12" hits="1" branch="false"/>
            <line number="21" hits="0" branch="false"/>
            <line number="22" hits="0" branch="false"/>
            <line number="24" hits="0" branch="false"/>
            <line number="26" hits="0" branch="false"/>
            <line number="27" hits="0" branch="false"/>
            <line number="28" hits="0" branch="false"/>
            <line number="30" hits="0" branch="false"/>
            <line number="31" hits="0" branch="false"/>
            <line number="32" hits="0" branch="true" condition-coverage="0% (0/2)"/>
            <line number="34" hits="0" branch="false"/>
            <line number="35" hits="0" branch="false"/>
            <line number="38" hits="0" branch="false"/>
            <line number="40" hits="0" branch="false"/>
            <line number="41" hits="0" branch="false"/>
            <line number="43" hits="0" branch="false"/>
            <line number="52" hits="0" branch="false"/>
            <line number="66" hits="0" branch="false"/>
            <line number="68" hits="0" branch="false"/>
            <line number="74" hits="0" branch="false"/>
            <line number="83" hits="4" branch="false"/>
            <line number="84" hits="4" branch="false"/>
            <line number="85" hits="4" branch="false"/>
            <line number="88" hits="4" branch="false"/>
            <line number="89" hits="4" branch="true" condition-coverage="100% (2/2)"/>
            <line number="90" hits="1" branch="false"/>
            <line number="97" hits="3" branch="true" condition-coverage="100% (2/2)"/>
            <line number="98" hits="1" branch="false"/>
            <line number="105" hits="2" branch="false"/>
            <line number="108" hits="2" branch="false"/>
            <line number="109" hits="2" branch="true" condition-coverage="100% (2/2)"/>
            <line number="110" hits="2" branch="true" condition-coverage="50% (1/2)"/>
            <line number="111" hits="2" branch="true" condition-coverage="50% (1/2)"/>
            <line number="112" hits="2" branch="true" condition-coverage="50% (1/2)"/>
            <line number="113" hits="2" branch="true" condition-coverage="50% (1/2)"/>
            <line number="114" hits="2" branch="true" condition-coverage="50% (1/2)"/>
            <line number="117" hits="2" branch="true" condition-coverage="100% (4/4)"/>
            <line number="118" hits="1" branch="false"/>
            <line number="119" hits="1" branch="false"/>
            <line number="120" hits="1" branch="false"/>
            <line number="122" hits="1" branch="true" condition-coverage="50% (1/2)"/>
            <line number="123" hits="1" branch="true" condition-coverage="50% (1/2)"/>
            <line number="124" hits="1" branch="true" condition-coverage="50% (1/2)"/>
            <line number="128" hits="2" branch="true" condition-coverage="50% (1/2)"/>
            <line number="129" hits="2" branch="false"/>
            <line number="131" hits="1" branch="false"/>
            <line number="132" hits="1" branch="false"/>
            <line number="137" hits="1" branch="false"/>
            <line number="138" hits="1" branch="false"/>
            <line number="139" hits="1" branch="false"/>
            <line number="142" hits="1" branch="false"/>
            <line number="152" hits="1" branch="false"/>
            <line number="155" hits="1" branch="false"/>
            <line number="159" hits="1" branch="false"/>
            <line number="166" hits="1" branch="false"/>
            <line number="167" hits="1" branch="false"/>
            <line number="176" hits="0" branch="false"/>
            <line number="177" hits="0" branch="false"/>
            <line number="183" hits="0" branch="false"/>
            <line number="190" hits="0" branch="false"/>
            <line number="191" hits="0" branch="false"/>
            <line number="200" hits="0" branch="false"/>
            <line number="202" hits="0" branch="false"/>
            <line number="211" hits="0" branch="false"/>
            <line number="212" hits="0" branch="false"/>
            <line number="214" hits="0" branch="false"/>
            <line number="223" hits="0" branch="false"/>
            <line number="228" hits="0" branch="false"/>
            <line number="237" hits="0" branch="true" condition-coverage="0% (0/2)"/>
            <line number="238" hits="0" branch="true" condition-coverage="0% (0/2)"/>
            <line number="239" hits="0" branch="false"/>
            <line number="241" hits="0" branch="false"/>
            <line number="245" hits="0" branch="false"/>
            <line number="246" hits="0" branch="true" condition-coverage="0% (0/2)"/>
            <line number="247" hits="0" branch="true" condition-coverage="0% (0/2)"/>
            <line number="250" hits="0" branch="false"/>
            <line number="256" hits="0" branch="false"/>
            <line number="258" hits="0" branch="true" condition-coverage="0% (0/2)"/>
            <line number="268" hits="0" branch="true" condition-coverage="0% (0/2)"/>
            <line number="270" hits="0" branch="false"/>
            <line number="271" hits="0" branch="false"/>
            <line number="274" hits="0" branch="false"/>
            <line number="275" hits="0" branch="false"/>
            <line number="276" hits="0" branch="false"/>
            <line number="277" hits="0" branch="false"/>
            <line number="278" hits="0" branch="false"/>
            <line number="280" hits="0" branch="false"/>
            <line number="281" hits="0" branch="true" condition-coverage="0% (0/3)"/>
            <line number="283" hits="0" branch="false"/>
            <line number="285" hits="0" branch="true" condition-coverage="0% (0/3)"/>
            <line number="290" hits="0" branch="false"/>
            <line number="291" hits="0" branch="true" condition-coverage="0% (0/2)"/>
            <line number="294" hits="0" branch="false"/>
            <line number="295" hits="0" branch="true" condition-coverage="0% (0/2)"/>
            <line number="298" hits="0" branch="false"/>
            <line number="300" hits="0" branch="false"/>
            <line number="301" hits="0" branch="false"/>
            <line number="303" hits="0" branch="false"/>
            <line number="304" hits="0" branch="false"/>
            <line number="306" hits="0" branch="false"/>
            <line number="311" hits="0" branch="false"/>
            <line number="312" hits="0" branch="false"/>
            <line number="313" hits="0" branch="true" condition-coverage="0% (0/2)"/>
            <line number="315" hits="0" branch="false"/>
            <line number="316" hits="0" branch="true" condition-coverage="0% (0/2)"/>
            <line number="319" hits="0" branch="false"/>
            <line number="320" hits="0" branch="false"/>
            <line number="321" hits="0" branch="true" condition-coverage="0% (0/4)"/>
            <line number="325" hits="0" branch="false"/>
            <line number="327" hits="0" branch="false"/>
            <line number="328" hits="0" branch="false"/>
            <line number="329" hits="0" branch="false"/>
            <line number="330" hits="0" branch="true" condition-coverage="0% (0/2)"/>
            <line number="332" hits="0" branch="true" condition-coverage="0% (0/2)"/>
            <line number="333" hits="0" branch="false"/>
            <line number="339" hits="0" branch="false"/>
            <line number="340" hits="0" branch="true" condition-coverage="0% (0/2)"/>
            <line number="341" hits="0" branch="true" condition-coverage="0% (0/2)"/>
            <line number="344" hits="0" branch="false"/>
            <line number="345" hits="0" branch="false"/>
            <line number="346" hits="0" branch="true" condition-coverage="0% (0/2)"/>
            <line number="347" hits="0" branch="true" condition-coverage="0% (0/2)"/>
            <line number="349" hits="0" branch="false"/>
            <line number="359" hits="0" branch="false"/>
            <line number="379" hits="0" branch="false"/>
            <line number="380" hits="0" branch="false"/>
            <line number="388" hits="0" branch="false"/>
            <line number="389" hits="0" branch="false"/>
            <line number="392" hits="0" branch="false"/>
            <line number="393" hits="0" branch="false"/>
            <line number="394" hits="0" branch="false"/>
            <line number="395" hits="0" branch="false"/>
            <line number="396" hits="0" branch="false"/>
            <line number="400" hits="0" branch="false"/>
            <line number="401" hits="0" branch="false"/>
            <line number="402" hits="0" branch="true" condition-coverage="0% (0/2)"/>
            <line number="403" hits="0" branch="false"/>
            <line number="407" hits="0" branch="false"/>
            <line number="414" hits="4" branch="false"/>
            <line number="416" hits="4" branch="true" condition-coverage="100% (2/2)"/>
            <line number="417" hits="1" branch="false"/>
            <line number="424" hits="3" branch="false"/>
            <line number="425" hits="3" branch="true" condition-coverage="100% (2/2)"/>
            <line number="426" hits="1" branch="false"/>
            <line number="434" hits="2" branch="false"/>
            <line number="436" hits="2" branch="false"/>
            <line number="437" hits="2" branch="false"/>
            <line number="452" hits="2" branch="false"/>
            <line number="453" hits="2" branch="true" condition-coverage="50% (1/2)"/>
            <line number="458" hits="2" branch="true" condition-coverage="50% (2/4)"/>
            <line number="460" hits="2" branch="false"/>
            <line number="474" hits="2" branch="false"/>
            <line number="479" hits="2" branch="true" condition-coverage="100% (2/2)"/>
            <line number="480" hits="1" branch="false"/>
            <line number="483" hits="1" branch="false"/>
            <line number="494" hits="0" branch="false"/>
            <line number="495" hits="0" branch="false"/>
            <line number="504" hits="3" branch="false"/>
            <line number="505" hits="3" branch="false"/>
            <line number="506" hits="3" branch="true" condition-coverage="100% (2/2)"/>
            <line number="507" hits="1" branch="false"/>
            <line number="514" hits="2" branch="false"/>
            <line number="518" hits="2" branch="true" condition-coverage="100% (2/2)"/>
            <line number="519" hits="1" branch="false"/>
            <line number="522" hits="1" branch="false"/>
            <line number="529" hits="0" branch="false"/>
            <line number="530" hits="0" branch="false"/>
            <line number="539" hits="0" branch="false"/>
            <line number="540" hits="0" branch="false"/>
            <line number="543" hits="0" branch="false"/>
            <line number="545" hits="0" branch="true" condition-coverage="0% (0/2)"/>
            <line number="546" hits="0" branch="false"/>
            <line number="550" hits="0" branch="false"/>
            <line number="552" hits="0" branch="false"/>
            <line number="553" hits="0" branch="false"/>
            <line number="557" hits="0" branch="false"/>
            <line number="560" hits="0" branch="false"/>
            <line number="565" hits="0" branch="false"/>
            <line number="566" hits="0" branch="false"/>
            <line number="567" hits="0" branch="false"/>
            <line number="568" hits="0" branch="false"/>
            <line number="570" hits="0" branch="false"/>
            <line number="579" hits="0" branch="false"/>
            <line number="581" hits="0" branch="false"/>
            <line number="582" hits="0" branch="false"/>
            <line number="587" hits="0" branch="false"/>
            <line number="588" hits="0" branch="false"/>
            <line number="591" hits="0" branch="false"/>
            <line number="593" hits="0" branch="false"/>
            <line number="596" hits="0" branch="false"/>
            <line number="597" hits="0" branch="false"/>
            <line number="598" hits="0" branch="false"/>
            <line number="600" hits="0" branch="false"/>
            <line number="602" hits="0" branch="false"/>
            <line number="605" hits="0" branch="false"/>
            <line number="606" hits="0" branch="false"/>
            <line number="607" hits="0" branch="true" condition-coverage="0% (0/2)"/>
            <line number="611" hits="0" branch="true" condition-coverage="0% (0/2)"/>
            <line number="613" hits="0" branch="false"/>
            <line number="618" hits="0" branch="false"/>
            <line number="624" hits="0" branch="false"/>
            <line number="683" hits="0" branch="false"/>
            <line number="691" hits="0" branch="false"/>
            <line number="692" hits="0" branch="false"/>
            <line number="696" hits="1" branch="false"/>
          </lines>
        </class>
      </classes>
    </package>
    <package name="middleware" line-rate="0.7121999999999999" branch-rate="0.5696">
      <classes>
        <class name="errorHandler.js" filename="middleware\errorHandler.js" line-rate="0.826" branch-rate="0.7">
          <methods>
            <method name="(anonymous_0)" hits="4" signature="()V">
              <lines>
                <line number="2" hits="4"/>
              </lines>
            </method>
            <method name="(anonymous_1)" hits="1" signature="()V">
              <lines>
                <line number="10" hits="1"/>
              </lines>
            </method>
            <method name="(anonymous_2)" hits="1" signature="()V">
              <lines>
                <line number="66" hits="1"/>
              </lines>
            </method>
          </methods>
          <lines>
            <line number="2" hits="1" branch="false"/>
            <line number="3" hits="4" branch="false"/>
            <line number="6" hits="4" branch="true" condition-coverage="100% (2/2)"/>
            <line number="7" hits="1" branch="false"/>
            <line number="10" hits="1" branch="false"/>
            <line number="14" hits="3" branch="true" condition-coverage="50% (1/2)"/>
            <line number="15" hits="0" branch="false"/>
            <line number="21" hits="3" branch="true" condition-coverage="100% (2/2)"/>
            <line number="22" hits="1" branch="false"/>
            <line number="28" hits="2" branch="true" condition-coverage="50% (1/2)"/>
            <line number="29" hits="0" branch="false"/>
            <line number="35" hits="2" branch="true" condition-coverage="50% (1/2)"/>
            <line number="36" hits="0" branch="false"/>
            <line number="43" hits="2" branch="true" condition-coverage="50% (1/2)"/>
            <line number="44" hits="0" branch="false"/>
            <line number="51" hits="2" branch="true" condition-coverage="100% (4/4)"/>
            <line number="52" hits="1" branch="false"/>
            <line number="59" hits="1" branch="true" condition-coverage="50% (1/2)"/>
            <line number="66" hits="1" branch="false"/>
            <line number="67" hits="1" branch="false"/>
            <line number="68" hits="1" branch="false"/>
            <line number="69" hits="1" branch="false"/>
            <line number="72" hits="1" branch="false"/>
          </lines>
        </class>
        <class name="fileUploadValidator.js" filename="middleware\fileUploadValidator.js" line-rate="0.8571" branch-rate="0.7179000000000001">
          <methods>
            <method name="(anonymous_0)" hits="6" signature="()V">
              <lines>
                <line number="51" hits="6"/>
              </lines>
            </method>
            <method name="sizeForMime" hits="2" signature="()V">
              <lines>
                <line number="69" hits="2"/>
              </lines>
            </method>
            <method name="multerFileFilter" hits="2" signature="()V">
              <lines>
                <line number="84" hits="2"/>
              </lines>
            </method>
            <method name="validateFiles" hits="4" signature="()V">
              <lines>
                <line number="121" hits="4"/>
              </lines>
            </method>
            <method name="(anonymous_4)" hits="4" signature="()V">
              <lines>
                <line number="130" hits="4"/>
              </lines>
            </method>
            <method name="(anonymous_5)" hits="1" signature="()V">
              <lines>
                <line number="142" hits="1"/>
              </lines>
            </method>
            <method name="(anonymous_6)" hits="2" signature="()V">
              <lines>
                <line number="143" hits="2"/>
              </lines>
            </method>
          </methods>
          <lines>
            <line number="23" hits="1" branch="false"/>
            <line number="52" hits="6" branch="false"/>
            <line number="60" hits="1" branch="false"/>
            <line number="70" hits="2" branch="true" condition-coverage="50% (1/2)"/>
            <line number="71" hits="0" branch="true" condition-coverage="0% (0/2)"/>
            <line number="72" hits="0" branch="true" condition-coverage="0% (0/2)"/>
            <line number="73" hits="0" branch="false"/>
            <line number="85" hits="2" branch="true" condition-coverage="100% (2/2)"/>
            <line number="86" hits="1" branch="false"/>
            <line number="88" hits="1" branch="false"/>
            <line number="100" hits="1" branch="false"/>
            <line number="128" hits="4" branch="false"/>
            <line number="130" hits="4" branch="false"/>
            <line number="132" hits="4" branch="true" condition-coverage="50% (1/2)"/>
            <line number="141" hits="4" branch="true" condition-coverage="100% (2/2)"/>
            <line number="142" hits="2" branch="false"/>
            <line number="143" hits="2" branch="false"/>
            <line number="144" hits="2" branch="true" condition-coverage="100% (2/2)"/>
            <line number="145" hits="1" branch="false"/>
            <line number="153" hits="3" branch="true" condition-coverage="50% (1/2)"/>
            <line number="154" hits="0" branch="false"/>
            <line number="161" hits="3" branch="false"/>
            <line number="163" hits="3" branch="false"/>
            <line number="164" hits="3" branch="true" condition-coverage="100% (4/4)"/>
            <line number="165" hits="2" branch="true" condition-coverage="100% (2/2)"/>
            <line number="166" hits="1" branch="false"/>
            <line number="173" hits="1" branch="true" condition-coverage="50% (1/2)"/>
            <line number="174" hits="0" branch="false"/>
            <line number="182" hits="2" branch="true" condition-coverage="100% (2/2)"/>
            <line number="183" hits="2" branch="true" condition-coverage="100% (4/4)"/>
            <line number="184" hits="1" branch="false"/>
            <line number="185" hits="1" branch="false"/>
            <line number="192" hits="1" branch="false"/>
            <line number="200" hits="1" branch="false"/>
            <line number="245" hits="1" branch="false"/>
          </lines>
        </class>
        <class name="inputValidator.js" filename="middleware\inputValidator.js" line-rate="0.5522" branch-rate="0.46149999999999997">
          <methods>
            <method name="validateField" hits="4" signature="()V">
              <lines>
                <line number="21" hits="4"/>
              </lines>
            </method>
            <method name="validate" hits="4" signature="()V">
              <lines>
                <line number="125" hits="4"/>
              </lines>
            </method>
            <method name="(anonymous_2)" hits="4" signature="()V">
              <lines>
                <line number="128" hits="4"/>
              </lines>
            </method>
          </methods>
          <lines>
            <line number="23" hits="4" branch="true" condition-coverage="100% (2/2)"/>
            <line number="27" hits="1" branch="false"/>
            <line number="31" hits="3" branch="true" condition-coverage="80% (4/5)"/>
            <line number="33" hits="3" branch="true" condition-coverage="37.5% (3/8)"/>
            <line number="35" hits="1" branch="true" condition-coverage="50% (1/2)"/>
            <line number="36" hits="1" branch="true" condition-coverage="50% (2/4)"/>
            <line number="37" hits="0" branch="false"/>
            <line number="38" hits="1" branch="true" condition-coverage="50% (2/4)"/>
            <line number="39" hits="0" branch="false"/>
            <line number="40" hits="1" branch="true" condition-coverage="50% (2/4)"/>
            <line number="41" hits="0" branch="true" condition-coverage="0% (0/2)"/>
            <line number="42" hits="1" branch="false"/>
            <line number="46" hits="1" branch="false"/>
            <line number="47" hits="1" branch="true" condition-coverage="50% (1/2)"/>
            <line number="48" hits="1" branch="true" condition-coverage="75% (3/4)"/>
            <line number="49" hits="0" branch="false"/>
            <line number="50" hits="1" branch="true" condition-coverage="50% (2/4)"/>
            <line number="51" hits="0" branch="false"/>
            <line number="52" hits="1" branch="true" condition-coverage="75% (3/4)"/>
            <line number="53" hits="0" branch="false"/>
            <line number="54" hits="1" branch="false"/>
            <line number="58" hits="0" branch="true" condition-coverage="0% (0/2)"/>
            <line number="62" hits="0" branch="false"/>
            <line number="63" hits="0" branch="false"/>
            <line number="68" hits="0" branch="false"/>
            <line number="69" hits="0" branch="true" condition-coverage="0% (0/2)"/>
            <line number="70" hits="0" branch="false"/>
            <line number="71" hits="0" branch="false"/>
            <line number="73" hits="0" branch="false"/>
            <line number="76" hits="0" branch="true" condition-coverage="0% (0/2)"/>
            <line number="77" hits="0" branch="true" condition-coverage="0% (0/4)"/>
            <line number="78" hits="0" branch="false"/>
            <line number="79" hits="0" branch="true" condition-coverage="0% (0/4)"/>
            <line number="80" hits="0" branch="false"/>
            <line number="81" hits="0" branch="false"/>
            <line number="85" hits="0" branch="true" condition-coverage="0% (0/2)"/>
            <line number="86" hits="0" branch="false"/>
            <line number="87" hits="0" branch="false"/>
            <line number="91" hits="0" branch="true" condition-coverage="0% (0/4)"/>
            <line number="92" hits="0" branch="false"/>
            <line number="93" hits="0" branch="false"/>
            <line number="97" hits="1" branch="true" condition-coverage="50% (1/2)"/>
            <line number="98" hits="1" branch="false"/>
            <line number="99" hits="1" branch="false"/>
            <line number="101" hits="1" branch="false"/>
            <line number="103" hits="0" branch="false"/>
            <line number="107" hits="0" branch="true" condition-coverage="0% (0/5)"/>
            <line number="108" hits="0" branch="false"/>
            <line number="109" hits="0" branch="false"/>
            <line number="113" hits="2" branch="false"/>
            <line number="126" hits="4" branch="true" condition-coverage="100% (2/2)"/>
            <line number="128" hits="4" branch="false"/>
            <line number="129" hits="4" branch="true" condition-coverage="50% (1/2)"/>
            <line number="130" hits="4" branch="false"/>
            <line number="133" hits="4" branch="false"/>
            <line number="134" hits="4" branch="false"/>
            <line number="135" hits="4" branch="true" condition-coverage="100% (2/2)"/>
            <line number="139" hits="4" branch="true" condition-coverage="100% (2/2)"/>
            <line number="140" hits="1" branch="false"/>
            <line number="141" hits="1" branch="false"/>
            <line number="142" hits="2" branch="true" condition-coverage="100% (2/2)"/>
            <line number="143" hits="1" branch="false"/>
            <line number="148" hits="4" branch="true" condition-coverage="100% (2/2)"/>
            <line number="149" hits="3" branch="false"/>
            <line number="156" hits="1" branch="false"/>
            <line number="164" hits="1" branch="false"/>
            <line number="251" hits="1" branch="false"/>
          </lines>
        </class>
        <class name="paramSanitizer.js" filename="middleware\paramSanitizer.js" line-rate="0.9285" branch-rate="0.75">
          <methods>
            <method name="paramSanitizer" hits="2" signature="()V">
              <lines>
                <line number="26" hits="2"/>
              </lines>
            </method>
            <method name="validateParams" hits="1" signature="()V">
              <lines>
                <line number="47" hits="1"/>
              </lines>
            </method>
            <method name="(anonymous_2)" hits="1" signature="()V">
              <lines>
                <line number="48" hits="1"/>
              </lines>
            </method>
          </methods>
          <lines>
            <line number="1" hits="1" branch="false"/>
            <line number="12" hits="1" branch="false"/>
            <line number="27" hits="2" branch="false"/>
            <line number="28" hits="2" branch="true" condition-coverage="100% (2/2)"/>
            <line number="29" hits="1" branch="true" condition-coverage="50% (1/2)"/>
            <line number="30" hits="1" branch="false"/>
            <line number="37" hits="1" branch="false"/>
            <line number="48" hits="1" branch="false"/>
            <line number="49" hits="1" branch="false"/>
            <line number="50" hits="1" branch="false"/>
            <line number="51" hits="1" branch="true" condition-coverage="75% (3/4)"/>
            <line number="52" hits="0" branch="false"/>
            <line number="58" hits="1" branch="false"/>
            <line number="62" hits="1" branch="false"/>
          </lines>
        </class>
      </classes>
    </package>
    <package name="utils" line-rate="1" branch-rate="0.6">
      <classes>
        <class name="respond.js" filename="utils\respond.js" line-rate="1" branch-rate="0.6">
          <methods>
            <method name="respond" hits="3" signature="()V">
              <lines>
                <line number="1" hits="3"/>
              </lines>
            </method>
            <method name="notFound" hits="1" signature="()V">
              <lines>
                <line number="19" hits="1"/>
              </lines>
            </method>
          </methods>
          <lines>
            <line number="2" hits="3" branch="false"/>
            <line number="8" hits="3" branch="true" condition-coverage="100% (2/2)"/>
            <line number="9" hits="1" branch="false"/>
            <line number="12" hits="3" branch="true" condition-coverage="100% (2/2)"/>
            <line number="13" hits="1" branch="false"/>
            <line number="16" hits="3" branch="false"/>
            <line number="20" hits="1" branch="true" condition-coverage="100% (2/2)"/>
            <line number="23" hits="1" branch="false"/>
            <line number="24" hits="1" branch="false"/>
            <line number="25" hits="1" branch="false"/>
            <line number="26" hits="1" branch="false"/>
          </lines>
        </class>
      </classes>
    </package>
  </packages>
</coverage>
