TN:
SF:controller\adminController.js
FN:6,(anonymous_0)
FN:27,(anonymous_1)
FN:51,(anonymous_2)
FN:72,(anonymous_3)
FN:101,(anonymous_4)
FN:124,(anonymous_5)
FN:126,(anonymous_6)
FN:158,(anonymous_7)
FN:188,(anonymous_8)
FN:232,(anonymous_9)
FN:264,(anonymous_10)
FN:298,(anonymous_11)
FN:333,(anonymous_12)
FNF:13
FNH:5
FNDA:2,(anonymous_0)
FNDA:0,(anonymous_1)
FNDA:0,(anonymous_2)
FNDA:3,(anonymous_3)
FNDA:0,(anonymous_4)
FNDA:0,(anonymous_5)
FNDA:0,(anonymous_6)
FNDA:0,(anonymous_7)
FNDA:3,(anonymous_8)
FNDA:0,(anonymous_9)
FNDA:2,(anonymous_10)
FNDA:2,(anonymous_11)
FNDA:0,(anonymous_12)
DA:1,1
DA:2,1
DA:3,1
DA:6,1
DA:7,2
DA:8,2
DA:9,1
DA:10,1
DA:12,1
DA:18,1
DA:19,1
DA:27,1
DA:28,0
DA:29,0
DA:32,0
DA:36,0
DA:42,0
DA:43,0
DA:51,1
DA:52,0
DA:53,0
DA:57,0
DA:63,0
DA:64,0
DA:72,1
DA:73,3
DA:74,3
DA:75,2
DA:76,1
DA:83,1
DA:84,1
DA:85,1
DA:87,1
DA:92,1
DA:93,1
DA:101,1
DA:102,0
DA:103,0
DA:105,0
DA:108,0
DA:109,0
DA:116,0
DA:124,0
DA:125,0
DA:126,0
DA:129,0
DA:139,0
DA:149,0
DA:150,0
DA:158,1
DA:159,0
DA:160,0
DA:162,0
DA:166,0
DA:167,0
DA:173,0
DA:179,0
DA:180,0
DA:188,1
DA:189,3
DA:190,3
DA:193,3
DA:195,3
DA:196,1
DA:203,2
DA:204,1
DA:211,2
DA:212,2
DA:213,2
DA:215,2
DA:223,0
DA:224,0
DA:232,1
DA:233,0
DA:234,0
DA:236,0
DA:238,0
DA:239,0
DA:246,0
DA:247,0
DA:248,0
DA:250,0
DA:255,0
DA:256,0
DA:264,1
DA:265,2
DA:266,2
DA:267,2
DA:269,2
DA:271,2
DA:272,1
DA:278,1
DA:279,1
DA:281,1
DA:283,1
DA:289,0
DA:290,0
DA:298,1
DA:299,2
DA:300,2
DA:301,2
DA:303,2
DA:305,1
DA:306,0
DA:312,1
DA:313,1
DA:316,1
DA:318,1
DA:324,1
DA:325,1
DA:333,1
DA:334,0
DA:335,0
DA:339,0
DA:343,0
DA:352,0
DA:353,0
DA:360,1
LF:118
LH:64
BRDA:75,0,0,1
BRDA:75,0,1,1
BRDA:108,1,0,0
BRDA:108,1,1,0
BRDA:134,2,0,0
BRDA:134,2,1,0
BRDA:135,3,0,0
BRDA:135,3,1,0
BRDA:166,4,0,0
BRDA:166,4,1,0
BRDA:195,5,0,1
BRDA:195,5,1,2
BRDA:203,6,0,1
BRDA:203,6,1,1
BRDA:203,7,0,2
BRDA:203,7,1,2
BRDA:238,8,0,0
BRDA:238,8,1,0
BRDA:271,9,0,1
BRDA:271,9,1,1
BRDA:280,10,0,1
BRDA:280,10,1,0
BRDA:305,11,0,0
BRDA:305,11,1,1
BRDA:314,12,0,1
BRDA:314,12,1,1
BRF:26
BRH:14
end_of_record
TN:
SF:controller\studentController.js
FN:6,getStudents
FN:25,studentProfile
FN:35,(anonymous_2)
FN:40,(anonymous_3)
FN:52,(anonymous_4)
FN:63,(anonymous_5)
FN:64,(anonymous_6)
FN:67,(anonymous_7)
FN:80,(anonymous_8)
FN:87,(anonymous_9)
FN:93,(anonymous_10)
FN:115,updateEnrollCourses
FN:122,(anonymous_12)
FN:131,(anonymous_13)
FN:137,(anonymous_14)
FN:160,getCoursesByStudentId
FN:175,getAllCourses
FN:195,getCourseById
FN:216,(anonymous_18)
FN:240,enrollInCourse
FN:291,(anonymous_20)
FN:296,getEnrolledCourses
FN:321,getStudentMyCourses
FN:343,(anonymous_23)
FN:366,quizSubmission
FN:390,(anonymous_25)
FN:392,(anonymous_26)
FN:428,(anonymous_27)
FN:445,(anonymous_28)
FN:472,(anonymous_29)
FN:477,getQuizSubmissions
FN:485,(anonymous_31)
FN:491,(anonymous_32)
FN:496,(anonymous_33)
FN:498,(anonymous_34)
FN:501,(anonymous_35)
FN:504,(anonymous_36)
FN:507,(anonymous_37)
FN:530,getStreakStats
FN:544,(anonymous_39)
FN:556,(anonymous_40)
FN:563,(anonymous_41)
FN:595,studentProgress
FN:650,(anonymous_43)
FN:692,getStudentProgress
FN:714,updateStudentStreak
FN:766,getStudentDashboard
FN:787,(anonymous_47)
FN:811,(anonymous_48)
FN:817,(anonymous_49)
FN:822,(anonymous_50)
FN:840,(anonymous_51)
FN:864,(anonymous_52)
FN:903,(anonymous_53)
FN:910,(anonymous_54)
FN:916,(anonymous_55)
FN:921,(anonymous_56)
FN:925,(anonymous_57)
FN:932,(anonymous_58)
FN:957,markTopicComplete
FN:997,(anonymous_60)
FN:1010,(anonymous_61)
FN:1050,(anonymous_62)
FN:1054,getTopicCompletionStatus
FN:1077,(anonymous_64)
FN:1093,(anonymous_65)
FN:1123,getTotalTopicsInCourse
FN:1128,(anonymous_67)
FNF:68
FNH:9
FNDA:0,getStudents
FNDA:0,studentProfile
FNDA:0,(anonymous_2)
FNDA:0,(anonymous_3)
FNDA:0,(anonymous_4)
FNDA:0,(anonymous_5)
FNDA:0,(anonymous_6)
FNDA:0,(anonymous_7)
FNDA:0,(anonymous_8)
FNDA:0,(anonymous_9)
FNDA:0,(anonymous_10)
FNDA:0,updateEnrollCourses
FNDA:0,(anonymous_12)
FNDA:0,(anonymous_13)
FNDA:0,(anonymous_14)
FNDA:0,getCoursesByStudentId
FNDA:0,getAllCourses
FNDA:2,getCourseById
FNDA:3,(anonymous_18)
FNDA:4,enrollInCourse
FNDA:0,(anonymous_20)
FNDA:0,getEnrolledCourses
FNDA:0,getStudentMyCourses
FNDA:0,(anonymous_23)
FNDA:0,quizSubmission
FNDA:0,(anonymous_25)
FNDA:0,(anonymous_26)
FNDA:0,(anonymous_27)
FNDA:0,(anonymous_28)
FNDA:0,(anonymous_29)
FNDA:0,getQuizSubmissions
FNDA:0,(anonymous_31)
FNDA:0,(anonymous_32)
FNDA:0,(anonymous_33)
FNDA:0,(anonymous_34)
FNDA:0,(anonymous_35)
FNDA:0,(anonymous_36)
FNDA:0,(anonymous_37)
FNDA:2,getStreakStats
FNDA:3,(anonymous_39)
FNDA:3,(anonymous_40)
FNDA:2,(anonymous_41)
FNDA:4,studentProgress
FNDA:1,(anonymous_43)
FNDA:0,getStudentProgress
FNDA:0,updateStudentStreak
FNDA:0,getStudentDashboard
FNDA:0,(anonymous_47)
FNDA:0,(anonymous_48)
FNDA:0,(anonymous_49)
FNDA:0,(anonymous_50)
FNDA:0,(anonymous_51)
FNDA:0,(anonymous_52)
FNDA:0,(anonymous_53)
FNDA:0,(anonymous_54)
FNDA:0,(anonymous_55)
FNDA:0,(anonymous_56)
FNDA:0,(anonymous_57)
FNDA:0,(anonymous_58)
FNDA:0,markTopicComplete
FNDA:0,(anonymous_60)
FNDA:0,(anonymous_61)
FNDA:0,(anonymous_62)
FNDA:0,getTopicCompletionStatus
FNDA:0,(anonymous_64)
FNDA:0,(anonymous_65)
FNDA:0,getTotalTopicsInCourse
FNDA:0,(anonymous_67)
DA:1,1
DA:2,1
DA:3,1
DA:4,1
DA:7,0
DA:8,0
DA:9,0
DA:16,0
DA:17,0
DA:26,0
DA:27,0
DA:28,0
DA:34,0
DA:36,0
DA:38,0
DA:40,0
DA:45,0
DA:52,0
DA:59,0
DA:60,0
DA:62,0
DA:63,0
DA:64,0
DA:66,0
DA:67,0
DA:72,0
DA:80,0
DA:87,0
DA:93,0
DA:99,0
DA:106,0
DA:107,0
DA:116,0
DA:117,0
DA:118,0
DA:119,0
DA:120,0
DA:122,0
DA:128,0
DA:131,0
DA:132,0
DA:136,0
DA:137,0
DA:141,0
DA:142,0
DA:144,0
DA:151,0
DA:152,0
DA:161,0
DA:166,0
DA:176,0
DA:177,0
DA:178,0
DA:185,0
DA:186,0
DA:196,2
DA:197,2
DA:198,2
DA:203,2
DA:204,1
DA:212,1
DA:213,1
DA:214,1
DA:216,3
DA:220,1
DA:230,0
DA:231,0
DA:241,4
DA:243,4
DA:244,4
DA:245,4
DA:247,4
DA:248,4
DA:249,1
DA:256,3
DA:257,3
DA:258,1
DA:266,2
DA:267,1
DA:275,1
DA:276,1
DA:278,1
DA:284,0
DA:285,0
DA:291,4
DA:297,0
DA:298,0
DA:300,0
DA:305,0
DA:312,0
DA:313,0
DA:322,0
DA:323,0
DA:325,0
DA:334,0
DA:335,0
DA:343,0
DA:350,0
DA:357,0
DA:358,0
DA:367,0
DA:369,0
DA:370,0
DA:371,0
DA:373,0
DA:378,0
DA:379,0
DA:386,0
DA:387,0
DA:389,0
DA:390,0
DA:391,0
DA:392,0
DA:394,0
DA:395,0
DA:396,0
DA:398,0
DA:409,0
DA:410,0
DA:412,0
DA:422,0
DA:425,0
DA:426,0
DA:427,0
DA:428,0
DA:431,0
DA:433,0
DA:442,0
DA:443,0
DA:444,0
DA:445,0
DA:448,0
DA:451,0
DA:454,0
DA:458,0
DA:465,0
DA:466,0
DA:472,0
DA:478,0
DA:479,0
DA:481,0
DA:484,0
DA:485,0
DA:486,0
DA:487,0
DA:488,0
DA:491,0
DA:492,0
DA:495,0
DA:496,0
DA:498,0
DA:500,0
DA:501,0
DA:503,0
DA:504,0
DA:506,0
DA:507,0
DA:510,0
DA:520,0
DA:522,0
DA:523,0
DA:531,2
DA:532,2
DA:534,2
DA:539,1
DA:543,1
DA:544,1
DA:545,3
DA:547,3
DA:550,1
DA:553,1
DA:556,1
DA:557,3
DA:558,3
DA:562,1
DA:563,1
DA:564,2
DA:565,2
DA:570,1
DA:571,1
DA:572,1
DA:575,1
DA:577,1
DA:588,1
DA:589,1
DA:596,4
DA:602,4
DA:603,4
DA:604,0
DA:605,0
DA:609,4
DA:610,1
DA:614,4
DA:620,1
DA:621,1
DA:629,3
DA:630,1
DA:637,2
DA:638,2
DA:640,2
DA:641,1
DA:648,1
DA:649,1
DA:650,1
DA:653,1
DA:654,1
DA:655,1
DA:659,0
DA:663,0
DA:668,1
DA:670,1
DA:683,0
DA:684,0
DA:693,0
DA:694,0
DA:695,0
DA:697,0
DA:704,0
DA:705,0
DA:715,0
DA:716,0
DA:717,0
DA:719,0
DA:720,0
DA:722,0
DA:723,0
DA:725,0
DA:726,0
DA:727,0
DA:729,0
DA:731,0
DA:734,0
DA:735,0
DA:737,0
DA:739,0
DA:740,0
DA:742,0
DA:746,0
DA:750,0
DA:751,0
DA:755,0
DA:762,0
DA:767,0
DA:768,0
DA:771,0
DA:773,0
DA:778,0
DA:779,0
DA:786,0
DA:787,0
DA:790,0
DA:792,0
DA:793,0
DA:810,0
DA:811,0
DA:816,0
DA:818,0
DA:820,0
DA:822,0
DA:827,0
DA:828,0
DA:829,0
DA:833,0
DA:840,0
DA:853,0
DA:854,0
DA:855,0
DA:858,0
DA:859,0
DA:860,0
DA:861,0
DA:864,0
DA:865,0
DA:868,0
DA:871,0
DA:872,0
DA:874,0
DA:880,0
DA:883,0
DA:888,0
DA:903,0
DA:910,0
DA:916,0
DA:921,0
DA:925,0
DA:932,0
DA:941,0
DA:948,0
DA:949,0
DA:958,0
DA:960,0
DA:961,0
DA:962,0
DA:964,0
DA:969,0
DA:970,0
DA:978,0
DA:979,0
DA:986,0
DA:987,0
DA:988,0
DA:996,0
DA:997,0
DA:1000,0
DA:1001,0
DA:1009,0
DA:1011,0
DA:1015,0
DA:1016,0
DA:1025,0
DA:1031,0
DA:1033,0
DA:1043,0
DA:1044,0
DA:1050,0
DA:1055,0
DA:1056,0
DA:1057,0
DA:1059,0
DA:1060,0
DA:1067,0
DA:1068,0
DA:1069,0
DA:1076,0
DA:1077,0
DA:1080,0
DA:1081,0
DA:1088,0
DA:1090,0
DA:1092,0
DA:1094,0
DA:1097,0
DA:1100,0
DA:1106,0
DA:1113,0
DA:1114,0
DA:1124,0
DA:1125,0
DA:1126,0
DA:1128,0
DA:1129,0
DA:1132,0
DA:1133,0
DA:1137,1
LF:344
LH:77
BRDA:36,0,0,0
BRDA:36,0,1,0
BRDA:38,1,0,0
BRDA:38,1,1,0
BRDA:40,2,0,0
BRDA:40,2,1,0
BRDA:51,3,0,0
BRDA:51,3,1,0
BRDA:52,4,0,0
BRDA:52,4,1,0
BRDA:67,5,0,0
BRDA:67,5,1,0
BRDA:77,6,0,0
BRDA:77,6,1,0
BRDA:84,7,0,0
BRDA:84,7,1,0
BRDA:108,8,0,0
BRDA:108,8,1,0
BRDA:153,9,0,0
BRDA:153,9,1,0
BRDA:203,10,0,1
BRDA:203,10,1,1
BRDA:212,11,0,1
BRDA:212,11,1,0
BRDA:214,12,0,1
BRDA:214,12,1,0
BRDA:216,13,0,3
BRDA:216,13,1,0
BRDA:248,14,0,1
BRDA:248,14,1,3
BRDA:257,15,0,1
BRDA:257,15,1,2
BRDA:266,16,0,1
BRDA:266,16,1,1
BRDA:334,17,0,0
BRDA:334,17,1,0
BRDA:378,18,0,0
BRDA:378,18,1,0
BRDA:395,19,0,0
BRDA:395,19,1,0
BRDA:396,20,0,0
BRDA:396,20,1,0
BRDA:401,21,0,0
BRDA:401,21,1,0
BRDA:426,22,0,0
BRDA:426,22,1,0
BRDA:428,23,0,0
BRDA:428,23,1,0
BRDA:431,24,0,0
BRDA:431,24,1,0
BRDA:443,25,0,0
BRDA:443,25,1,0
BRDA:445,26,0,0
BRDA:445,26,1,0
BRDA:486,27,0,0
BRDA:486,27,1,0
BRDA:487,28,0,0
BRDA:487,28,1,0
BRDA:501,29,0,0
BRDA:501,29,1,0
BRDA:501,30,0,0
BRDA:501,30,1,0
BRDA:503,31,0,0
BRDA:503,31,1,0
BRDA:511,32,0,0
BRDA:511,32,1,0
BRDA:512,33,0,0
BRDA:512,33,1,0
BRDA:515,34,0,0
BRDA:515,34,1,0
BRDA:516,35,0,0
BRDA:516,35,1,0
BRDA:562,36,0,1
BRDA:562,36,1,0
BRDA:562,37,0,1
BRDA:562,37,1,1
BRDA:570,38,0,1
BRDA:570,38,1,0
BRDA:580,39,0,1
BRDA:580,39,1,0
BRDA:581,40,0,1
BRDA:581,40,1,0
BRDA:582,41,0,1
BRDA:582,41,1,0
BRDA:602,42,0,4
BRDA:602,42,1,0
BRDA:602,43,0,4
BRDA:602,43,1,4
BRDA:604,44,0,0
BRDA:604,44,1,0
BRDA:604,45,0,0
BRDA:604,45,1,0
BRDA:609,46,0,1
BRDA:609,46,1,3
BRDA:614,47,0,1
BRDA:614,47,1,3
BRDA:615,48,0,4
BRDA:615,48,1,3
BRDA:615,48,2,3
BRDA:615,48,3,3
BRDA:629,49,0,1
BRDA:629,49,1,2
BRDA:629,50,0,3
BRDA:629,50,1,2
BRDA:640,51,0,1
BRDA:640,51,1,1
BRDA:653,52,0,1
BRDA:653,52,1,0
BRDA:673,53,0,1
BRDA:673,53,1,0
BRDA:685,54,0,0
BRDA:685,54,1,0
BRDA:706,55,0,0
BRDA:706,55,1,0
BRDA:717,56,0,0
BRDA:717,56,1,0
BRDA:722,57,0,0
BRDA:722,57,1,0
BRDA:723,58,0,0
BRDA:723,58,1,0
BRDA:725,59,0,0
BRDA:725,59,1,0
BRDA:729,60,0,0
BRDA:729,60,1,0
BRDA:737,61,0,0
BRDA:737,61,1,0
BRDA:740,62,0,0
BRDA:740,62,1,0
BRDA:750,63,0,0
BRDA:750,63,1,0
BRDA:778,64,0,0
BRDA:778,64,1,0
BRDA:786,65,0,0
BRDA:786,65,1,0
BRDA:792,66,0,0
BRDA:792,66,1,0
BRDA:811,67,0,0
BRDA:811,67,1,0
BRDA:818,68,0,0
BRDA:818,68,1,0
BRDA:820,69,0,0
BRDA:820,69,1,0
BRDA:822,70,0,0
BRDA:822,70,1,0
BRDA:828,71,0,0
BRDA:828,71,1,0
BRDA:828,72,0,0
BRDA:828,72,1,0
BRDA:829,73,0,0
BRDA:829,73,1,0
BRDA:839,74,0,0
BRDA:839,74,1,0
BRDA:840,75,0,0
BRDA:840,75,1,0
BRDA:845,76,0,0
BRDA:845,76,1,0
BRDA:871,77,0,0
BRDA:871,77,1,0
BRDA:892,78,0,0
BRDA:892,78,1,0
BRDA:893,79,0,0
BRDA:893,79,1,0
BRDA:900,80,0,0
BRDA:900,80,1,0
BRDA:907,81,0,0
BRDA:907,81,1,0
BRDA:929,82,0,0
BRDA:929,82,1,0
BRDA:950,83,0,0
BRDA:950,83,1,0
BRDA:969,84,0,0
BRDA:969,84,1,0
BRDA:978,85,0,0
BRDA:978,85,1,0
BRDA:978,86,0,0
BRDA:978,86,1,0
BRDA:978,86,2,0
BRDA:987,87,0,0
BRDA:987,87,1,0
BRDA:1000,88,0,0
BRDA:1000,88,1,0
BRDA:1011,89,0,0
BRDA:1011,89,1,0
BRDA:1015,90,0,0
BRDA:1015,90,1,0
BRDA:1045,91,0,0
BRDA:1045,91,1,0
BRDA:1059,92,0,0
BRDA:1059,92,1,0
BRDA:1068,93,0,0
BRDA:1068,93,1,0
BRDA:1080,94,0,0
BRDA:1080,94,1,0
BRDA:1090,95,0,0
BRDA:1090,95,1,0
BRDA:1090,96,0,0
BRDA:1090,96,1,0
BRDA:1094,97,0,0
BRDA:1094,97,1,0
BRDA:1115,98,0,0
BRDA:1115,98,1,0
BRDA:1126,99,0,0
BRDA:1126,99,1,0
BRDA:1129,100,0,0
BRDA:1129,100,1,0
BRF:205
BRH:37
end_of_record
TN:
SF:controller\superadminController.js
FN:7,(anonymous_0)
FN:19,(anonymous_1)
FN:45,(anonymous_2)
FN:162,(anonymous_3)
FN:232,(anonymous_4)
FN:259,(anonymous_5)
FN:299,(anonymous_6)
FN:344,(anonymous_7)
FN:384,(anonymous_8)
FN:449,(anonymous_9)
FN:554,(anonymous_10)
FN:602,(anonymous_11)
FN:651,(anonymous_12)
FN:661,(anonymous_13)
FN:667,(anonymous_14)
FN:689,(anonymous_15)
FN:710,(anonymous_16)
FN:814,(anonymous_17)
FNF:18
FNH:4
FNDA:0,(anonymous_0)
FNDA:0,(anonymous_1)
FNDA:0,(anonymous_2)
FNDA:0,(anonymous_3)
FNDA:0,(anonymous_4)
FNDA:2,(anonymous_5)
FNDA:2,(anonymous_6)
FNDA:1,(anonymous_7)
FNDA:3,(anonymous_8)
FNDA:0,(anonymous_9)
FNDA:0,(anonymous_10)
FNDA:0,(anonymous_11)
FNDA:0,(anonymous_12)
FNDA:0,(anonymous_13)
FNDA:0,(anonymous_14)
FNDA:0,(anonymous_15)
FNDA:0,(anonymous_16)
FNDA:0,(anonymous_17)
DA:1,1
DA:2,1
DA:3,1
DA:4,1
DA:5,1
DA:7,1
DA:19,1
DA:45,1
DA:46,0
DA:48,0
DA:53,0
DA:54,0
DA:55,0
DA:58,0
DA:82,0
DA:83,0
DA:85,0
DA:98,0
DA:109,0
DA:131,0
DA:145,0
DA:146,0
DA:162,1
DA:163,0
DA:164,0
DA:167,0
DA:169,0
DA:213,0
DA:219,0
DA:220,0
DA:232,1
DA:233,0
DA:234,0
DA:238,0
DA:247,0
DA:248,0
DA:259,1
DA:260,2
DA:261,2
DA:263,2
DA:269,2
DA:270,1
DA:276,1
DA:282,0
DA:283,0
DA:299,1
DA:300,2
DA:301,2
DA:304,2
DA:306,2
DA:307,2
DA:308,2
DA:310,2
DA:320,2
DA:331,0
DA:332,0
DA:344,1
DA:345,1
DA:346,1
DA:350,1
DA:354,1
DA:358,1
DA:372,0
DA:373,0
DA:384,1
DA:385,3
DA:386,3
DA:387,3
DA:392,3
DA:394,2
DA:395,2
DA:397,0
DA:398,0
DA:400,0
DA:401,0
DA:403,1
DA:410,2
DA:412,2
DA:413,1
DA:420,1
DA:426,1
DA:432,0
DA:433,0
DA:449,1
DA:450,0
DA:452,0
DA:453,0
DA:472,0
DA:499,0
DA:500,0
DA:501,0
DA:502,0
DA:503,0
DA:505,0
DA:537,0
DA:538,0
DA:554,1
DA:555,0
DA:556,0
DA:557,0
DA:558,0
DA:560,0
DA:564,0
DA:569,0
DA:572,0
DA:576,0
DA:589,0
DA:590,0
DA:602,1
DA:603,0
DA:604,0
DA:650,0
DA:651,0
DA:660,0
DA:661,0
DA:667,0
DA:668,0
DA:672,0
DA:673,0
DA:675,0
DA:689,0
DA:691,0
DA:697,0
DA:698,0
DA:710,1
DA:711,0
DA:712,0
DA:795,0
DA:801,0
DA:802,0
DA:814,1
DA:815,0
DA:816,0
DA:817,0
DA:818,0
DA:820,0
DA:838,0
DA:858,0
DA:867,0
DA:868,0
DA:876,1
LF:141
LH:51
BRDA:53,0,0,0
BRDA:53,0,1,0
BRDA:167,1,0,0
BRDA:167,1,1,0
BRDA:269,2,0,1
BRDA:269,2,1,1
BRDA:304,3,0,1
BRDA:304,3,1,1
BRDA:392,4,0,2
BRDA:392,4,1,0
BRDA:392,4,2,0
BRDA:392,4,3,1
BRDA:412,5,0,1
BRDA:412,5,1,1
BRDA:500,6,0,0
BRDA:500,6,1,0
BRDA:503,7,0,0
BRDA:503,7,1,0
BRDA:556,8,0,0
BRDA:654,9,0,0
BRDA:654,9,1,0
BRDA:655,10,0,0
BRDA:655,10,1,0
BRDA:663,11,0,0
BRDA:663,11,1,0
BRDA:668,12,0,0
BRDA:668,12,1,0
BRDA:672,13,0,0
BRDA:672,13,1,0
BRDA:684,14,0,0
BRDA:684,14,1,0
BRDA:816,15,0,0
BRF:32
BRH:8
end_of_record
TN:
SF:controller\teacherController.js
FN:9,getTeachers
FN:20,createCourse
FN:26,(anonymous_2)
FN:27,(anonymous_3)
FN:28,(anonymous_4)
FN:34,(anonymous_5)
FN:37,(anonymous_6)
FN:40,(anonymous_7)
FN:82,updateCourse
FN:118,(anonymous_9)
FN:119,(anonymous_10)
FN:120,(anonymous_11)
FN:131,(anonymous_12)
FN:135,(anonymous_13)
FN:139,(anonymous_14)
FN:175,getTeacherCoursesPopulated
FN:199,getCourses
FN:210,getTeacherCourses
FN:222,getcourseById
FN:236,percentChange
FN:244,getTeacherMetrics
FN:256,(anonymous_21)
FN:268,(anonymous_22)
FN:271,(anonymous_23)
FN:271,(anonymous_24)
FN:281,(anonymous_25)
FN:284,(anonymous_26)
FN:291,(anonymous_27)
FN:295,(anonymous_28)
FN:301,(anonymous_29)
FN:301,(anonymous_30)
FN:304,(anonymous_31)
FN:304,(anonymous_32)
FN:313,(anonymous_33)
FN:314,(anonymous_34)
FN:327,(anonymous_35)
FN:344,(anonymous_36)
FN:387,getRevenueByDay
FN:400,(anonymous_38)
FN:407,(anonymous_39)
FN:413,uploadQualification
FN:503,getQualificationStatus
FN:538,getEnrolledStudents
FN:552,(anonymous_43)
FN:553,(anonymous_44)
FN:565,(anonymous_45)
FN:567,(anonymous_46)
FN:568,(anonymous_47)
FN:586,getTeacherDashboard
FN:597,(anonymous_49)
FN:598,(anonymous_50)
FN:606,(anonymous_51)
FN:613,(anonymous_52)
FN:618,(anonymous_53)
FNF:54
FNH:10
FNDA:1,getTeachers
FNDA:0,createCourse
FNDA:0,(anonymous_2)
FNDA:0,(anonymous_3)
FNDA:0,(anonymous_4)
FNDA:0,(anonymous_5)
FNDA:0,(anonymous_6)
FNDA:0,(anonymous_7)
FNDA:4,updateCourse
FNDA:1,(anonymous_9)
FNDA:1,(anonymous_10)
FNDA:1,(anonymous_11)
FNDA:1,(anonymous_12)
FNDA:1,(anonymous_13)
FNDA:1,(anonymous_14)
FNDA:0,getTeacherCoursesPopulated
FNDA:0,getCourses
FNDA:0,getTeacherCourses
FNDA:0,getcourseById
FNDA:0,percentChange
FNDA:0,getTeacherMetrics
FNDA:0,(anonymous_21)
FNDA:0,(anonymous_22)
FNDA:0,(anonymous_23)
FNDA:0,(anonymous_24)
FNDA:0,(anonymous_25)
FNDA:0,(anonymous_26)
FNDA:0,(anonymous_27)
FNDA:0,(anonymous_28)
FNDA:0,(anonymous_29)
FNDA:0,(anonymous_30)
FNDA:0,(anonymous_31)
FNDA:0,(anonymous_32)
FNDA:0,(anonymous_33)
FNDA:0,(anonymous_34)
FNDA:0,(anonymous_35)
FNDA:0,(anonymous_36)
FNDA:0,getRevenueByDay
FNDA:0,(anonymous_38)
FNDA:0,(anonymous_39)
FNDA:4,uploadQualification
FNDA:3,getQualificationStatus
FNDA:0,getEnrolledStudents
FNDA:0,(anonymous_43)
FNDA:0,(anonymous_44)
FNDA:0,(anonymous_45)
FNDA:0,(anonymous_46)
FNDA:0,(anonymous_47)
FNDA:0,getTeacherDashboard
FNDA:0,(anonymous_49)
FNDA:0,(anonymous_50)
FNDA:0,(anonymous_51)
FNDA:0,(anonymous_52)
FNDA:0,(anonymous_53)
DA:1,1
DA:2,1
DA:3,1
DA:4,1
DA:5,1
DA:6,1
DA:7,1
DA:10,1
DA:12,1
DA:21,0
DA:22,0
DA:24,0
DA:26,0
DA:27,0
DA:28,0
DA:30,0
DA:31,0
DA:32,0
DA:34,0
DA:35,0
DA:38,0
DA:40,0
DA:41,0
DA:43,0
DA:52,0
DA:66,0
DA:68,0
DA:74,0
DA:83,4
DA:84,4
DA:85,4
DA:88,4
DA:89,4
DA:90,1
DA:97,3
DA:98,1
DA:105,2
DA:108,2
DA:109,2
DA:110,2
DA:111,2
DA:112,2
DA:113,2
DA:114,2
DA:117,2
DA:118,1
DA:119,1
DA:120,1
DA:122,1
DA:123,1
DA:124,1
DA:128,2
DA:129,2
DA:131,1
DA:132,1
DA:137,1
DA:138,1
DA:139,1
DA:142,1
DA:152,1
DA:155,1
DA:159,1
DA:166,1
DA:167,1
DA:176,0
DA:177,0
DA:183,0
DA:190,0
DA:191,0
DA:200,0
DA:202,0
DA:211,0
DA:212,0
DA:214,0
DA:223,0
DA:228,0
DA:237,0
DA:238,0
DA:239,0
DA:241,0
DA:245,0
DA:246,0
DA:247,0
DA:250,0
DA:256,0
DA:258,0
DA:268,0
DA:270,0
DA:271,0
DA:274,0
DA:275,0
DA:276,0
DA:277,0
DA:278,0
DA:280,0
DA:281,0
DA:283,0
DA:285,0
DA:290,0
DA:291,0
DA:294,0
DA:295,0
DA:298,0
DA:300,0
DA:301,0
DA:303,0
DA:304,0
DA:306,0
DA:311,0
DA:312,0
DA:313,0
DA:315,0
DA:316,0
DA:319,0
DA:320,0
DA:321,0
DA:325,0
DA:327,0
DA:328,0
DA:329,0
DA:330,0
DA:332,0
DA:333,0
DA:339,0
DA:340,0
DA:341,0
DA:344,0
DA:345,0
DA:346,0
DA:347,0
DA:349,0
DA:359,0
DA:379,0
DA:380,0
DA:388,0
DA:389,0
DA:392,0
DA:393,0
DA:394,0
DA:395,0
DA:396,0
DA:400,0
DA:401,0
DA:402,0
DA:403,0
DA:407,0
DA:414,4
DA:416,4
DA:417,1
DA:424,3
DA:425,3
DA:426,1
DA:434,2
DA:436,2
DA:437,2
DA:452,2
DA:453,2
DA:458,2
DA:460,2
DA:474,2
DA:479,2
DA:480,1
DA:483,1
DA:494,0
DA:495,0
DA:504,3
DA:505,3
DA:506,3
DA:507,1
DA:514,2
DA:518,2
DA:519,1
DA:522,1
DA:529,0
DA:530,0
DA:539,0
DA:540,0
DA:543,0
DA:545,0
DA:546,0
DA:550,0
DA:552,0
DA:553,0
DA:557,0
DA:560,0
DA:565,0
DA:566,0
DA:567,0
DA:568,0
DA:570,0
DA:579,0
DA:581,0
DA:582,0
DA:587,0
DA:588,0
DA:591,0
DA:593,0
DA:596,0
DA:597,0
DA:598,0
DA:600,0
DA:602,0
DA:605,0
DA:606,0
DA:607,0
DA:611,0
DA:613,0
DA:618,0
DA:624,0
DA:683,0
DA:691,0
DA:692,0
DA:696,1
LF:213
LH:71
BRDA:32,0,0,0
BRDA:32,0,1,0
BRDA:89,1,0,1
BRDA:89,1,1,3
BRDA:97,2,0,1
BRDA:97,2,1,2
BRDA:109,3,0,1
BRDA:109,3,1,1
BRDA:110,4,0,0
BRDA:110,4,1,2
BRDA:111,5,0,0
BRDA:111,5,1,2
BRDA:112,6,0,0
BRDA:112,6,1,2
BRDA:113,7,0,0
BRDA:113,7,1,2
BRDA:114,8,0,0
BRDA:114,8,1,2
BRDA:117,9,0,1
BRDA:117,9,1,1
BRDA:117,10,0,2
BRDA:117,10,1,1
BRDA:122,11,0,0
BRDA:122,11,1,1
BRDA:123,12,0,0
BRDA:123,12,1,1
BRDA:124,13,0,0
BRDA:124,13,1,1
BRDA:128,14,0,2
BRDA:128,14,1,0
BRDA:145,15,0,1
BRDA:145,15,1,0
BRDA:168,16,0,1
BRDA:168,16,1,0
BRDA:192,17,0,0
BRDA:192,17,1,0
BRDA:237,18,0,0
BRDA:237,18,1,0
BRDA:238,19,0,0
BRDA:238,19,1,0
BRDA:246,20,0,0
BRDA:246,20,1,0
BRDA:247,21,0,0
BRDA:247,21,1,0
BRDA:258,22,0,0
BRDA:258,22,1,0
BRDA:268,23,0,0
BRDA:268,23,1,0
BRDA:281,24,0,0
BRDA:281,24,1,0
BRDA:281,24,2,0
BRDA:285,25,0,0
BRDA:285,25,1,0
BRDA:285,25,2,0
BRDA:291,26,0,0
BRDA:291,26,1,0
BRDA:295,27,0,0
BRDA:295,27,1,0
BRDA:313,28,0,0
BRDA:313,28,1,0
BRDA:316,29,0,0
BRDA:316,29,1,0
BRDA:321,30,0,0
BRDA:321,30,1,0
BRDA:321,31,0,0
BRDA:321,31,1,0
BRDA:330,32,0,0
BRDA:330,32,1,0
BRDA:332,33,0,0
BRDA:332,33,1,0
BRDA:340,34,0,0
BRDA:340,34,1,0
BRDA:341,35,0,0
BRDA:341,35,1,0
BRDA:346,36,0,0
BRDA:346,36,1,0
BRDA:347,37,0,0
BRDA:347,37,1,0
BRDA:402,38,0,0
BRDA:402,38,1,0
BRDA:416,39,0,1
BRDA:416,39,1,3
BRDA:425,40,0,1
BRDA:425,40,1,2
BRDA:438,41,0,2
BRDA:438,41,1,1
BRDA:439,42,0,2
BRDA:439,42,1,1
BRDA:440,43,0,2
BRDA:440,43,1,1
BRDA:441,44,0,1
BRDA:441,44,1,1
BRDA:442,45,0,2
BRDA:442,45,1,1
BRDA:453,46,0,0
BRDA:453,46,1,2
BRDA:455,47,0,0
BRDA:455,47,1,2
BRDA:458,48,0,2
BRDA:458,48,1,0
BRDA:458,49,0,2
BRDA:458,49,1,0
BRDA:479,50,0,1
BRDA:479,50,1,1
BRDA:506,51,0,1
BRDA:506,51,1,2
BRDA:518,52,0,1
BRDA:518,52,1,1
BRDA:545,53,0,0
BRDA:545,53,1,0
BRDA:607,54,0,0
BRDA:607,54,1,0
BRDA:611,55,0,0
BRDA:611,55,1,0
BRF:114
BRH:45
end_of_record
TN:
SF:middleware\errorHandler.js
FN:2,(anonymous_0)
FN:10,(anonymous_1)
FN:66,(anonymous_2)
FNF:3
FNH:3
FNDA:4,(anonymous_0)
FNDA:1,(anonymous_1)
FNDA:1,(anonymous_2)
DA:2,1
DA:3,4
DA:6,4
DA:7,1
DA:10,1
DA:14,3
DA:15,0
DA:21,3
DA:22,1
DA:28,2
DA:29,0
DA:35,2
DA:36,0
DA:43,2
DA:44,0
DA:51,2
DA:52,1
DA:59,1
DA:66,1
DA:67,1
DA:68,1
DA:69,1
DA:72,1
LF:23
LH:19
BRDA:6,0,0,1
BRDA:6,0,1,3
BRDA:14,1,0,0
BRDA:14,1,1,3
BRDA:21,2,0,1
BRDA:21,2,1,2
BRDA:28,3,0,0
BRDA:28,3,1,2
BRDA:35,4,0,0
BRDA:35,4,1,2
BRDA:43,5,0,0
BRDA:43,5,1,2
BRDA:51,6,0,1
BRDA:51,6,1,1
BRDA:51,7,0,2
BRDA:51,7,1,2
BRDA:59,8,0,1
BRDA:59,8,1,0
BRDA:61,9,0,1
BRDA:61,9,1,0
BRF:20
BRH:14
end_of_record
TN:
SF:middleware\fileUploadValidator.js
FN:51,(anonymous_0)
FN:69,sizeForMime
FN:84,multerFileFilter
FN:121,validateFiles
FN:130,(anonymous_4)
FN:142,(anonymous_5)
FN:143,(anonymous_6)
FNF:7
FNH:7
FNDA:6,(anonymous_0)
FNDA:2,sizeForMime
FNDA:2,multerFileFilter
FNDA:4,validateFiles
FNDA:4,(anonymous_4)
FNDA:1,(anonymous_5)
FNDA:2,(anonymous_6)
DA:23,1
DA:52,6
DA:60,1
DA:70,2
DA:71,0
DA:72,0
DA:73,0
DA:85,2
DA:86,1
DA:88,1
DA:100,1
DA:128,4
DA:130,4
DA:132,4
DA:141,4
DA:142,2
DA:143,2
DA:144,2
DA:145,1
DA:153,3
DA:154,0
DA:161,3
DA:163,3
DA:164,3
DA:165,2
DA:166,1
DA:173,1
DA:174,0
DA:182,2
DA:183,2
DA:184,1
DA:185,1
DA:192,1
DA:200,1
DA:245,1
LF:35
LH:30
BRDA:70,0,0,2
BRDA:70,0,1,0
BRDA:71,1,0,0
BRDA:71,1,1,0
BRDA:72,2,0,0
BRDA:72,2,1,0
BRDA:85,3,0,1
BRDA:85,3,1,1
BRDA:121,4,0,1
BRDA:123,5,0,4
BRDA:125,6,0,4
BRDA:126,7,0,2
BRDA:127,8,0,2
BRDA:132,9,0,4
BRDA:132,9,1,0
BRDA:133,10,0,4
BRDA:133,10,1,0
BRDA:136,11,0,0
BRDA:136,11,1,0
BRDA:141,12,0,2
BRDA:141,12,1,2
BRDA:144,13,0,1
BRDA:144,13,1,1
BRDA:153,14,0,0
BRDA:153,14,1,3
BRDA:164,15,0,2
BRDA:164,15,1,1
BRDA:164,16,0,3
BRDA:164,16,1,2
BRDA:165,17,0,1
BRDA:165,17,1,1
BRDA:173,18,0,0
BRDA:173,18,1,1
BRDA:182,19,0,2
BRDA:182,19,1,2
BRDA:183,20,0,1
BRDA:183,20,1,1
BRDA:183,21,0,2
BRDA:183,21,1,2
BRF:39
BRH:28
end_of_record
TN:
SF:middleware\inputValidator.js
FN:21,validateField
FN:125,validate
FN:128,(anonymous_2)
FNF:3
FNH:3
FNDA:4,validateField
FNDA:4,validate
FNDA:4,(anonymous_2)
DA:23,4
DA:27,1
DA:31,3
DA:33,3
DA:35,1
DA:36,1
DA:37,0
DA:38,1
DA:39,0
DA:40,1
DA:41,0
DA:42,1
DA:46,1
DA:47,1
DA:48,1
DA:49,0
DA:50,1
DA:51,0
DA:52,1
DA:53,0
DA:54,1
DA:58,0
DA:62,0
DA:63,0
DA:68,0
DA:69,0
DA:70,0
DA:71,0
DA:73,0
DA:76,0
DA:77,0
DA:78,0
DA:79,0
DA:80,0
DA:81,0
DA:85,0
DA:86,0
DA:87,0
DA:91,0
DA:92,0
DA:93,0
DA:97,1
DA:98,1
DA:99,1
DA:101,1
DA:103,0
DA:107,0
DA:108,0
DA:109,0
DA:113,2
DA:126,4
DA:128,4
DA:129,4
DA:130,4
DA:133,4
DA:134,4
DA:135,4
DA:139,4
DA:140,1
DA:141,1
DA:142,2
DA:143,1
DA:148,4
DA:149,3
DA:156,1
DA:164,1
DA:251,1
LF:67
LH:37
BRDA:23,0,0,1
BRDA:23,0,1,3
BRDA:24,1,0,4
BRDA:24,1,1,4
BRDA:24,1,2,3
BRDA:24,1,3,3
BRDA:31,2,0,0
BRDA:31,2,1,3
BRDA:31,3,0,3
BRDA:31,3,1,3
BRDA:31,3,2,3
BRDA:33,4,0,1
BRDA:33,4,1,1
BRDA:33,4,2,0
BRDA:33,4,3,0
BRDA:33,4,4,0
BRDA:33,4,5,0
BRDA:33,4,6,1
BRDA:33,4,7,0
BRDA:35,5,0,0
BRDA:35,5,1,1
BRDA:36,6,0,0
BRDA:36,6,1,1
BRDA:36,7,0,1
BRDA:36,7,1,0
BRDA:38,8,0,0
BRDA:38,8,1,1
BRDA:38,9,0,1
BRDA:38,9,1,0
BRDA:40,10,0,0
BRDA:40,10,1,1
BRDA:40,11,0,1
BRDA:40,11,1,0
BRDA:41,12,0,0
BRDA:41,12,1,0
BRDA:47,13,0,0
BRDA:47,13,1,1
BRDA:48,14,0,0
BRDA:48,14,1,1
BRDA:48,15,0,1
BRDA:48,15,1,1
BRDA:50,16,0,0
BRDA:50,16,1,1
BRDA:50,17,0,1
BRDA:50,17,1,0
BRDA:52,18,0,0
BRDA:52,18,1,1
BRDA:52,19,0,1
BRDA:52,19,1,1
BRDA:58,20,0,0
BRDA:58,20,1,0
BRDA:59,21,0,0
BRDA:59,21,1,0
BRDA:69,22,0,0
BRDA:69,22,1,0
BRDA:76,23,0,0
BRDA:76,23,1,0
BRDA:77,24,0,0
BRDA:77,24,1,0
BRDA:77,25,0,0
BRDA:77,25,1,0
BRDA:79,26,0,0
BRDA:79,26,1,0
BRDA:79,27,0,0
BRDA:79,27,1,0
BRDA:85,28,0,0
BRDA:85,28,1,0
BRDA:91,29,0,0
BRDA:91,29,1,0
BRDA:91,30,0,0
BRDA:91,30,1,0
BRDA:97,31,0,0
BRDA:97,31,1,1
BRDA:107,32,0,0
BRDA:107,32,1,0
BRDA:107,33,0,0
BRDA:107,33,1,0
BRDA:107,33,2,0
BRDA:125,34,0,2
BRDA:126,35,0,3
BRDA:126,36,0,3
BRDA:129,37,0,4
BRDA:129,37,1,0
BRDA:135,38,0,2
BRDA:135,38,1,2
BRDA:139,39,0,1
BRDA:139,39,1,3
BRDA:142,40,0,1
BRDA:142,40,1,1
BRDA:148,41,0,3
BRDA:148,41,1,1
BRF:91
BRH:42
end_of_record
TN:
SF:middleware\paramSanitizer.js
FN:26,paramSanitizer
FN:47,validateParams
FN:48,(anonymous_2)
FNF:3
FNH:3
FNDA:2,paramSanitizer
FNDA:1,validateParams
FNDA:1,(anonymous_2)
DA:1,1
DA:12,1
DA:27,2
DA:28,2
DA:29,1
DA:30,1
DA:37,1
DA:48,1
DA:49,1
DA:50,1
DA:51,1
DA:52,0
DA:58,1
DA:62,1
LF:14
LH:13
BRDA:28,0,0,1
BRDA:28,0,1,1
BRDA:29,1,0,1
BRDA:29,1,1,0
BRDA:51,2,0,0
BRDA:51,2,1,1
BRDA:51,3,0,1
BRDA:51,3,1,1
BRF:8
BRH:6
end_of_record
TN:
SF:utils\respond.js
FN:1,respond
FN:19,notFound
FNF:2
FNH:2
FNDA:3,respond
FNDA:1,notFound
DA:2,3
DA:8,3
DA:9,1
DA:12,3
DA:13,1
DA:16,3
DA:20,1
DA:23,1
DA:24,1
DA:25,1
DA:26,1
LF:11
LH:11
BRDA:1,0,0,0
BRDA:1,1,0,0
BRDA:1,2,0,0
BRDA:8,3,0,1
BRDA:8,3,1,2
BRDA:12,4,0,1
BRDA:12,4,1,2
BRDA:19,5,0,0
BRDA:20,6,0,1
BRDA:20,6,1,1
BRF:10
BRH:6
end_of_record
