TN:
SF:middleware\errorHandler.js
FN:2,(anonymous_0)
FN:10,(anonymous_1)
FN:66,(anonymous_2)
FNF:3
FNH:3
FNDA:4,(anonymous_0)
FNDA:1,(anonymous_1)
FNDA:1,(anonymous_2)
DA:2,1
DA:3,4
DA:6,4
DA:7,1
DA:10,1
DA:14,3
DA:15,0
DA:21,3
DA:22,1
DA:28,2
DA:29,0
DA:35,2
DA:36,0
DA:43,2
DA:44,0
DA:51,2
DA:52,1
DA:59,1
DA:66,1
DA:67,1
DA:68,1
DA:69,1
DA:72,1
LF:23
LH:19
BRDA:6,0,0,1
BRDA:6,0,1,3
BRDA:14,1,0,0
BRDA:14,1,1,3
BRDA:21,2,0,1
BRDA:21,2,1,2
BRDA:28,3,0,0
BRDA:28,3,1,2
BRDA:35,4,0,0
BRDA:35,4,1,2
BRDA:43,5,0,0
BRDA:43,5,1,2
BRDA:51,6,0,1
BRDA:51,6,1,1
BRDA:51,7,0,2
BRDA:51,7,1,2
BRDA:59,8,0,1
BRDA:59,8,1,0
BRDA:61,9,0,1
BRDA:61,9,1,0
BRF:20
BRH:14
end_of_record
TN:
SF:middleware\fileUploadValidator.js
FN:51,(anonymous_0)
FN:69,sizeForMime
FN:84,multerFileFilter
FN:121,validateFiles
FN:130,(anonymous_4)
FN:142,(anonymous_5)
FN:143,(anonymous_6)
FNF:7
FNH:7
FNDA:6,(anonymous_0)
FNDA:2,sizeForMime
FNDA:2,multerFileFilter
FNDA:4,validateFiles
FNDA:4,(anonymous_4)
FNDA:1,(anonymous_5)
FNDA:2,(anonymous_6)
DA:23,1
DA:52,6
DA:60,1
DA:70,2
DA:71,0
DA:72,0
DA:73,0
DA:85,2
DA:86,1
DA:88,1
DA:100,1
DA:128,4
DA:130,4
DA:132,4
DA:141,4
DA:142,2
DA:143,2
DA:144,2
DA:145,1
DA:153,3
DA:154,0
DA:161,3
DA:163,3
DA:164,3
DA:165,2
DA:166,1
DA:173,1
DA:174,0
DA:182,2
DA:183,2
DA:184,1
DA:185,1
DA:192,1
DA:200,1
DA:245,1
LF:35
LH:30
BRDA:70,0,0,2
BRDA:70,0,1,0
BRDA:71,1,0,0
BRDA:71,1,1,0
BRDA:72,2,0,0
BRDA:72,2,1,0
BRDA:85,3,0,1
BRDA:85,3,1,1
BRDA:121,4,0,1
BRDA:123,5,0,4
BRDA:125,6,0,4
BRDA:126,7,0,2
BRDA:127,8,0,2
BRDA:132,9,0,4
BRDA:132,9,1,0
BRDA:133,10,0,4
BRDA:133,10,1,0
BRDA:136,11,0,0
BRDA:136,11,1,0
BRDA:141,12,0,2
BRDA:141,12,1,2
BRDA:144,13,0,1
BRDA:144,13,1,1
BRDA:153,14,0,0
BRDA:153,14,1,3
BRDA:164,15,0,2
BRDA:164,15,1,1
BRDA:164,16,0,3
BRDA:164,16,1,2
BRDA:165,17,0,1
BRDA:165,17,1,1
BRDA:173,18,0,0
BRDA:173,18,1,1
BRDA:182,19,0,2
BRDA:182,19,1,2
BRDA:183,20,0,1
BRDA:183,20,1,1
BRDA:183,21,0,2
BRDA:183,21,1,2
BRF:39
BRH:28
end_of_record
TN:
SF:middleware\inputValidator.js
FN:21,validateField
FN:125,validate
FN:128,(anonymous_2)
FNF:3
FNH:3
FNDA:4,validateField
FNDA:4,validate
FNDA:4,(anonymous_2)
DA:23,4
DA:27,1
DA:31,3
DA:33,3
DA:35,1
DA:36,1
DA:37,0
DA:38,1
DA:39,0
DA:40,1
DA:41,0
DA:42,1
DA:46,1
DA:47,1
DA:48,1
DA:49,0
DA:50,1
DA:51,0
DA:52,1
DA:53,0
DA:54,1
DA:58,0
DA:62,0
DA:63,0
DA:68,0
DA:69,0
DA:70,0
DA:71,0
DA:73,0
DA:76,0
DA:77,0
DA:78,0
DA:79,0
DA:80,0
DA:81,0
DA:85,0
DA:86,0
DA:87,0
DA:91,0
DA:92,0
DA:93,0
DA:97,1
DA:98,1
DA:99,1
DA:101,1
DA:103,0
DA:107,0
DA:108,0
DA:109,0
DA:113,2
DA:126,4
DA:128,4
DA:129,4
DA:130,4
DA:133,4
DA:134,4
DA:135,4
DA:139,4
DA:140,1
DA:141,1
DA:142,2
DA:143,1
DA:148,4
DA:149,3
DA:156,1
DA:164,1
DA:251,1
LF:67
LH:37
BRDA:23,0,0,1
BRDA:23,0,1,3
BRDA:24,1,0,4
BRDA:24,1,1,4
BRDA:24,1,2,3
BRDA:24,1,3,3
BRDA:31,2,0,0
BRDA:31,2,1,3
BRDA:31,3,0,3
BRDA:31,3,1,3
BRDA:31,3,2,3
BRDA:33,4,0,1
BRDA:33,4,1,1
BRDA:33,4,2,0
BRDA:33,4,3,0
BRDA:33,4,4,0
BRDA:33,4,5,0
BRDA:33,4,6,1
BRDA:33,4,7,0
BRDA:35,5,0,0
BRDA:35,5,1,1
BRDA:36,6,0,0
BRDA:36,6,1,1
BRDA:36,7,0,1
BRDA:36,7,1,0
BRDA:38,8,0,0
BRDA:38,8,1,1
BRDA:38,9,0,1
BRDA:38,9,1,0
BRDA:40,10,0,0
BRDA:40,10,1,1
BRDA:40,11,0,1
BRDA:40,11,1,0
BRDA:41,12,0,0
BRDA:41,12,1,0
BRDA:47,13,0,0
BRDA:47,13,1,1
BRDA:48,14,0,0
BRDA:48,14,1,1
BRDA:48,15,0,1
BRDA:48,15,1,1
BRDA:50,16,0,0
BRDA:50,16,1,1
BRDA:50,17,0,1
BRDA:50,17,1,0
BRDA:52,18,0,0
BRDA:52,18,1,1
BRDA:52,19,0,1
BRDA:52,19,1,1
BRDA:58,20,0,0
BRDA:58,20,1,0
BRDA:59,21,0,0
BRDA:59,21,1,0
BRDA:69,22,0,0
BRDA:69,22,1,0
BRDA:76,23,0,0
BRDA:76,23,1,0
BRDA:77,24,0,0
BRDA:77,24,1,0
BRDA:77,25,0,0
BRDA:77,25,1,0
BRDA:79,26,0,0
BRDA:79,26,1,0
BRDA:79,27,0,0
BRDA:79,27,1,0
BRDA:85,28,0,0
BRDA:85,28,1,0
BRDA:91,29,0,0
BRDA:91,29,1,0
BRDA:91,30,0,0
BRDA:91,30,1,0
BRDA:97,31,0,0
BRDA:97,31,1,1
BRDA:107,32,0,0
BRDA:107,32,1,0
BRDA:107,33,0,0
BRDA:107,33,1,0
BRDA:107,33,2,0
BRDA:125,34,0,2
BRDA:126,35,0,3
BRDA:126,36,0,3
BRDA:129,37,0,4
BRDA:129,37,1,0
BRDA:135,38,0,2
BRDA:135,38,1,2
BRDA:139,39,0,1
BRDA:139,39,1,3
BRDA:142,40,0,1
BRDA:142,40,1,1
BRDA:148,41,0,3
BRDA:148,41,1,1
BRF:91
BRH:42
end_of_record
TN:
SF:middleware\paramSanitizer.js
FN:26,paramSanitizer
FN:47,validateParams
FN:48,(anonymous_2)
FNF:3
FNH:3
FNDA:2,paramSanitizer
FNDA:1,validateParams
FNDA:1,(anonymous_2)
DA:1,1
DA:12,1
DA:27,2
DA:28,2
DA:29,1
DA:30,1
DA:37,1
DA:48,1
DA:49,1
DA:50,1
DA:51,1
DA:52,0
DA:58,1
DA:62,1
LF:14
LH:13
BRDA:28,0,0,1
BRDA:28,0,1,1
BRDA:29,1,0,1
BRDA:29,1,1,0
BRDA:51,2,0,0
BRDA:51,2,1,1
BRDA:51,3,0,1
BRDA:51,3,1,1
BRF:8
BRH:6
end_of_record
TN:
SF:utils\respond.js
FN:1,respond
FN:19,notFound
FNF:2
FNH:2
FNDA:3,respond
FNDA:1,notFound
DA:2,3
DA:8,3
DA:9,1
DA:12,3
DA:13,1
DA:16,3
DA:20,1
DA:23,1
DA:24,1
DA:25,1
DA:26,1
LF:11
LH:11
BRDA:1,0,0,0
BRDA:1,1,0,0
BRDA:1,2,0,0
BRDA:8,3,0,1
BRDA:8,3,1,2
BRDA:12,4,0,1
BRDA:12,4,1,2
BRDA:19,5,0,0
BRDA:20,6,0,1
BRDA:20,6,1,1
BRF:10
BRH:6
end_of_record
